#
# There is insufficient memory for the Java Runtime Environment to continue.
# Native memory allocation (malloc) failed to allocate 32744 bytes. Error detail: Chunk::new
# Possible reasons:
#   The system is out of physical RAM or swap space
#   This process is running with CompressedOops enabled, and the Java Heap may be blocking the growth of the native heap
# Possible solutions:
#   Reduce memory load on the system
#   Increase physical memory or swap space
#   Check if swap backing store is full
#   Decrease Java heap size (-Xmx/-Xms)
#   Decrease number of Java threads
#   Decrease Java thread stack sizes (-Xss)
#   Set larger code cache with -XX:ReservedCodeCacheSize=
#   JVM is running with Unscaled Compressed Oops mode in which the Java heap is
#     placed in the first 4GB address space. The Java Heap base address is the
#     maximum limit for the native heap growth. Please use -XX:HeapBaseMinAddress
#     to set the Java Heap base and to place the Java Heap above 4GB virtual address.
# This output file may be truncated or incomplete.
#
#  Out of Memory Error (arena.cpp:168), pid=29800, tid=28220
#
# JRE version: OpenJDK Runtime Environment (21.0.8) (build 21.0.8+-14196175-b1038.72)
# Java VM: OpenJDK 64-Bit Server VM (21.0.8+-14196175-b1038.72, mixed mode, tiered, compressed oops, compressed class ptrs, g1 gc, windows-amd64)
# No core dump will be written. Minidumps are not enabled by default on client versions of Windows
#

---------------  S U M M A R Y ------------

Command Line: --add-opens=java.base/java.lang=ALL-UNNAMED --add-opens=java.base/java.lang.invoke=ALL-UNNAMED --add-opens=java.base/java.util=ALL-UNNAMED --add-opens=java.prefs/java.util.prefs=ALL-UNNAMED --add-exports=jdk.compiler/com.sun.tools.javac.api=ALL-UNNAMED --add-exports=jdk.compiler/com.sun.tools.javac.util=ALL-UNNAMED --add-opens=java.base/java.util=ALL-UNNAMED --add-opens=java.prefs/java.util.prefs=ALL-UNNAMED --add-opens=java.base/java.nio.charset=ALL-UNNAMED --add-opens=java.base/java.net=ALL-UNNAMED --add-opens=java.base/java.util.concurrent=ALL-UNNAMED --add-opens=java.base/java.util.concurrent.atomic=ALL-UNNAMED --add-opens=java.xml/javax.xml.namespace=ALL-UNNAMED --add-opens=java.base/java.time=ALL-UNNAMED -XX:MaxMetaspaceSize=384m -XX:+HeapDumpOnOutOfMemoryError -Xms256m -Xmx512m -Dfile.encoding=UTF-8 -Duser.country=ID -Duser.language=en -Duser.variant -javaagent:C:\Users\ASUS\.gradle\wrapper\dists\gradle-9.4.0-all\dlx3hih57kp6ad8tz04zppvl1\gradle-9.4.0\lib\agents\gradle-instrumentation-agent-9.4.0.jar org.gradle.launcher.daemon.bootstrap.GradleDaemon 9.4.0

Host: 11th Gen Intel(R) Core(TM) i5-11400H @ 2.70GHz, 12 cores, 7G,  Windows 11 , 64 bit Build 26100 (10.0.26100.8521)
Time: Fri Jul  3 02:16:15 2026 SE Asia Standard Time elapsed time: 8.937265 seconds (0d 0h 0m 8s)

---------------  T H R E A D  ---------------

Current thread (0x000001f8f8787900):  JavaThread "C1 CompilerThread0" daemon [_thread_in_vm, id=28220, stack(0x0000000101600000,0x0000000101700000) (1024K)]


Current CompileTask:
C1:8937 4193       3       java.lang.invoke.DirectMethodHandle::getFunction (53 bytes)

Stack: [0x0000000101600000,0x0000000101700000]
Native frames: (J=compiled Java code, j=interpreted, Vv=VM code, C=native code)
V  [jvm.dll+0x6d68d9]
V  [jvm.dll+0x866693]
V  [jvm.dll+0x868c4e]
V  [jvm.dll+0x869333]
V  [jvm.dll+0x280566]
V  [jvm.dll+0xc07cd]
V  [jvm.dll+0xc0d03]
V  [jvm.dll+0x1fa417]
V  [jvm.dll+0x1e5c43]
V  [jvm.dll+0x257ddf]
V  [jvm.dll+0x2564e6]
V  [jvm.dll+0x3f4696]
V  [jvm.dll+0x80eac8]
V  [jvm.dll+0x6d512d]
C  [ucrtbase.dll+0x2cd30]
C  [KERNEL32.DLL+0x2e957]
C  [ntdll.dll+0x87c1c]


---------------  P R O C E S S  ---------------

Threads class SMR info:
_java_thread_list=0x000001f8a506e0f0, length=34, elements={
0x000001f8f17f2f80, 0x000001f8f86ffaa0, 0x000001f8f873de20, 0x000001f8f875f120,
0x000001f8f87782f0, 0x000001f8f8778d50, 0x000001f8f87797b0, 0x000001f8f877a9b0,
0x000001f8f8760140, 0x000001f8f8787900, 0x000001f8fd02d3f0, 0x000001f8ff30e940,
0x000001f8ff0f65c0, 0x000001f8ff2d3160, 0x000001f8ff122d80, 0x000001f8ff1233f0,
0x000001f8ff12fdc0, 0x000001f8ff145310, 0x000001f8ff2734c0, 0x000001f8ff272e30,
0x000001f8ff273b50, 0x000001f8ff2741e0, 0x000001f8ff272110, 0x000001f8ff274870,
0x000001f8a590f8a0, 0x000001f8a590de60, 0x000001f8a590f210, 0x000001f8a590ff30,
0x000001f8a590e4f0, 0x000001f8a590cab0, 0x000001f8f87886a0, 0x000001f8a590d7d0,
0x000001f8a59105c0, 0x000001f8f8786b60
}

Java Threads: ( => current thread )
  0x000001f8f17f2f80 JavaThread "main"                              [_thread_blocked, id=11408, stack(0x0000000100600000,0x0000000100700000) (1024K)]
  0x000001f8f86ffaa0 JavaThread "Common-Cleaner"             daemon [_thread_blocked, id=1792, stack(0x0000000100e00000,0x0000000100f00000) (1024K)]
  0x000001f8f873de20 JavaThread "Reference Handler"          daemon [_thread_blocked, id=30124, stack(0x0000000100f00000,0x0000000101000000) (1024K)]
  0x000001f8f875f120 JavaThread "Finalizer"                  daemon [_thread_blocked, id=1768, stack(0x0000000101000000,0x0000000101100000) (1024K)]
  0x000001f8f87782f0 JavaThread "Signal Dispatcher"          daemon [_thread_blocked, id=7276, stack(0x0000000101100000,0x0000000101200000) (1024K)]
  0x000001f8f8778d50 JavaThread "Attach Listener"            daemon [_thread_blocked, id=26180, stack(0x0000000101200000,0x0000000101300000) (1024K)]
  0x000001f8f87797b0 JavaThread "Service Thread"             daemon [_thread_blocked, id=16600, stack(0x0000000101300000,0x0000000101400000) (1024K)]
  0x000001f8f877a9b0 JavaThread "Monitor Deflation Thread"   daemon [_thread_blocked, id=21024, stack(0x0000000101400000,0x0000000101500000) (1024K)]
  0x000001f8f8760140 JavaThread "C2 CompilerThread0"         daemon [_thread_blocked, id=9348, stack(0x0000000101500000,0x0000000101600000) (1024K)]
=>0x000001f8f8787900 JavaThread "C1 CompilerThread0"         daemon [_thread_in_vm, id=28220, stack(0x0000000101600000,0x0000000101700000) (1024K)]
  0x000001f8fd02d3f0 JavaThread "Notification Thread"        daemon [_thread_blocked, id=27548, stack(0x0000000101700000,0x0000000101800000) (1024K)]
  0x000001f8ff30e940 JavaThread "Daemon health stats"               [_thread_blocked, id=32904, stack(0x0000000101d00000,0x0000000101e00000) (1024K)]
  0x000001f8ff0f65c0 JavaThread "Incoming local TCP Connector on port 61789"        [_thread_in_native, id=15512, stack(0x0000000101e00000,0x0000000101f00000) (1024K)]
  0x000001f8ff2d3160 JavaThread "Daemon periodic checks"            [_thread_blocked, id=23404, stack(0x0000000101f00000,0x0000000102000000) (1024K)]
  0x000001f8ff122d80 JavaThread "Daemon"                            [_thread_blocked, id=1412, stack(0x0000000102000000,0x0000000102100000) (1024K)]
  0x000001f8ff1233f0 JavaThread "Handler for socket connection from /127.0.0.1:61789 to /127.0.0.1:61790"        [_thread_in_native, id=29444, stack(0x0000000102100000,0x0000000102200000) (1024K)]
  0x000001f8ff12fdc0 JavaThread "Cancel handler"                    [_thread_blocked, id=12272, stack(0x0000000102200000,0x0000000102300000) (1024K)]
  0x000001f8ff145310 JavaThread "Daemon worker"                     [_thread_blocked, id=22584, stack(0x0000000102300000,0x0000000102400000) (1024K)]
  0x000001f8ff2734c0 JavaThread "Asynchronous log dispatcher for DefaultDaemonConnection: socket connection from /127.0.0.1:61789 to /127.0.0.1:61790"        [_thread_blocked, id=20432, stack(0x0000000102400000,0x0000000102500000) (1024K)]
  0x000001f8ff272e30 JavaThread "Stdin handler"                     [_thread_blocked, id=19936, stack(0x0000000102500000,0x0000000102600000) (1024K)]
  0x000001f8ff273b50 JavaThread "Daemon client event forwarder"        [_thread_blocked, id=24228, stack(0x0000000102600000,0x0000000102700000) (1024K)]
  0x000001f8ff2741e0 JavaThread "Cache worker for journal cache (C:\Users\ASUS\.gradle\caches\journal-1)"        [_thread_blocked, id=28200, stack(0x0000000102d00000,0x0000000102e00000) (1024K)]
  0x000001f8ff272110 JavaThread "File lock request listener"        [_thread_in_native, id=32692, stack(0x0000000102e00000,0x0000000102f00000) (1024K)]
  0x000001f8ff274870 JavaThread "Cache worker for file hash cache (C:\Users\ASUS\.gradle\caches\9.4.0\fileHashes)"        [_thread_blocked, id=17048, stack(0x0000000103000000,0x0000000103100000) (1024K)]
  0x000001f8a590f8a0 JavaThread "Cache worker for file hash cache (D:\mobileprogramming2\papua_youth_career_app\android\.gradle\9.4.0\fileHashes)"        [_thread_blocked, id=23024, stack(0x0000000103200000,0x0000000103300000) (1024K)]
  0x000001f8a590de60 JavaThread "Cache worker for Build Output Cleanup Cache (D:\mobileprogramming2\papua_youth_career_app\android\.gradle\buildOutputCleanup)"        [_thread_blocked, id=15956, stack(0x0000000103300000,0x0000000103400000) (1024K)]
  0x000001f8a590f210 JavaThread "File watcher server"        daemon [_thread_in_native, id=27412, stack(0x0000000103400000,0x0000000103500000) (1024K)]
  0x000001f8a590ff30 JavaThread "File watcher consumer"      daemon [_thread_blocked, id=220, stack(0x0000000102f00000,0x0000000103000000) (1024K)]
  0x000001f8a590e4f0 JavaThread "Cache worker for file content cache (C:\Users\ASUS\.gradle\caches\9.4.0\fileContent)"        [_thread_blocked, id=25764, stack(0x0000000103100000,0x0000000103200000) (1024K)]
  0x000001f8a590cab0 JavaThread "Cache worker for checksums cache (D:\mobileprogramming2\papua_youth_career_app\android\.gradle\9.4.0\checksums)"        [_thread_blocked, id=23600, stack(0x0000000103500000,0x0000000103600000) (1024K)]
  0x000001f8f87886a0 JavaThread "C2 CompilerThread1"         daemon [_thread_blocked, id=29652, stack(0x0000000103600000,0x0000000103700000) (1024K)]
  0x000001f8a590d7d0 JavaThread "Cache worker for cache directory md-supplier (C:\Users\ASUS\.gradle\caches\9.4.0\md-supplier)"        [_thread_blocked, id=33548, stack(0x0000000103700000,0x0000000103800000) (1024K)]
  0x000001f8a59105c0 JavaThread "Cache worker for cache directory md-rule (C:\Users\ASUS\.gradle\caches\9.4.0\md-rule)"        [_thread_blocked, id=32576, stack(0x0000000103800000,0x0000000103900000) (1024K)]
  0x000001f8f8786b60 JavaThread "C2 CompilerThread2"         daemon [_thread_blocked, id=24120, stack(0x0000000103900000,0x0000000103a00000) (1024K)]
Total: 34

Other Threads:
  0x000001f8f853ce30 VMThread "VM Thread"                           [id=1580, stack(0x0000000100d00000,0x0000000100e00000) (1024K)] _threads_hazard_ptr=0x000001f8a506e0f0
  0x000001f8f85265a0 WatcherThread "VM Periodic Task Thread"        [id=33236, stack(0x0000000100c00000,0x0000000100d00000) (1024K)]
  0x000001f8f181eb50 WorkerThread "GC Thread#0"                     [id=19980, stack(0x0000000100700000,0x0000000100800000) (1024K)]
  0x000001f8fdb07d30 WorkerThread "GC Thread#1"                     [id=10256, stack(0x0000000101800000,0x0000000101900000) (1024K)]
  0x000001f8fdaa55b0 WorkerThread "GC Thread#2"                     [id=30792, stack(0x0000000101900000,0x0000000101a00000) (1024K)]
  0x000001f8fdaa5950 WorkerThread "GC Thread#3"                     [id=8892, stack(0x0000000101a00000,0x0000000101b00000) (1024K)]
  0x000001f8fda39050 WorkerThread "GC Thread#4"                     [id=23604, stack(0x0000000101b00000,0x0000000101c00000) (1024K)]
  0x000001f8fda39600 WorkerThread "GC Thread#5"                     [id=2512, stack(0x0000000101c00000,0x0000000101d00000) (1024K)]
  0x000001f8ff130c30 WorkerThread "GC Thread#6"                     [id=3200, stack(0x0000000102700000,0x0000000102800000) (1024K)]
  0x000001f8ff4acb90 WorkerThread "GC Thread#7"                     [id=21936, stack(0x0000000102800000,0x0000000102900000) (1024K)]
  0x000001f8ff4a9f70 WorkerThread "GC Thread#8"                     [id=14000, stack(0x0000000102900000,0x0000000102a00000) (1024K)]
  0x000001f8ff4aa310 WorkerThread "GC Thread#9"                     [id=23664, stack(0x0000000102a00000,0x0000000102b00000) (1024K)]
  0x000001f8f1833780 ConcurrentGCThread "G1 Main Marker"            [id=11808, stack(0x0000000100800000,0x0000000100900000) (1024K)]
  0x000001f8f1834830 WorkerThread "G1 Conc#0"                       [id=28516, stack(0x0000000100900000,0x0000000100a00000) (1024K)]
  0x000001f8ff17f460 WorkerThread "G1 Conc#1"                       [id=20576, stack(0x0000000102b00000,0x0000000102c00000) (1024K)]
  0x000001f8ff17ed20 WorkerThread "G1 Conc#2"                       [id=27316, stack(0x0000000102c00000,0x0000000102d00000) (1024K)]
  0x000001f8f83f8a30 ConcurrentGCThread "G1 Refine#0"               [id=12960, stack(0x0000000100a00000,0x0000000100b00000) (1024K)]
  0x000001f8f83fa260 ConcurrentGCThread "G1 Service"                [id=30764, stack(0x0000000100b00000,0x0000000100c00000) (1024K)]
Total: 18

Threads with active compile tasks:
C2 CompilerThread0  8957 4130   !   4       java.net.URLClassLoader::findClass (47 bytes)
C1 CompilerThread0  8957 4193       3       java.lang.invoke.DirectMethodHandle::getFunction (53 bytes)
C2 CompilerThread1  8957 4159       4       java.net.URLClassLoader$1::run (5 bytes)
C2 CompilerThread2  8957 4148   !   4       jdk.internal.loader.Resource::getBytes (244 bytes)
Total: 4

VM state: synchronizing (normal execution)

VM Mutex/Monitor currently owned by a thread:  ([mutex/lock_event])
[0x00007ffa23ce85b8] Threads_lock - owner thread: 0x000001f8f853ce30

Heap address: 0x00000000e0000000, size: 512 MB, Compressed Oops mode: 32-bit

CDS archive(s) not mapped
Compressed class space mapped at: 0x000001f88f000000-0x000001f8a3000000, reserved size: 335544320
Narrow klass base: 0x000001f88f000000, Narrow klass shift: 0, Narrow klass range: 0x14000000

GC Precious Log:
 CardTable entry size: 512
 Card Set container configuration: InlinePtr #cards 5 size 8 Array Of Cards #cards 12 size 40 Howl #buckets 4 coarsen threshold 1843 Howl Bitmap #cards 512 size 80 coarsen threshold 460 Card regions per heap region 1 cards per card region 2048
 CPUs: 12 total, 12 available
 Memory: 7913M
 Large Page Support: Disabled
 NUMA Support: Disabled
 Compressed Oops: Enabled (32-bit)
 Heap Region Size: 1M
 Heap Min Capacity: 256M
 Heap Initial Capacity: 256M
 Heap Max Capacity: 512M
 Pre-touch: Disabled
 Parallel Workers: 10
 Concurrent Workers: 3
 Concurrent Refinement Workers: 10
 Periodic GC: Disabled

Heap:
 garbage-first heap   total 262144K, used 135675K [0x00000000e0000000, 0x0000000100000000)
  region size 1024K, 119 young (121856K), 11 survivors (11264K)
 Metaspace       used 49629K, committed 51072K, reserved 393216K
  class space    used 6855K, committed 7552K, reserved 327680K

Heap Regions: E=young(eden), S=young(survivor), O=old, HS=humongous(starts), HC=humongous(continues), CS=collection set, F=free, TAMS=top-at-mark-start, PB=parsable bottom
|   0|0x00000000e0000000, 0x00000000e0100000, 0x00000000e0100000|100%|HS|  |TAMS 0x00000000e0000000| PB 0x00000000e0000000| Complete 
|   1|0x00000000e0100000, 0x00000000e0200000, 0x00000000e0200000|100%|HC|  |TAMS 0x00000000e0100000| PB 0x00000000e0100000| Complete 
|   2|0x00000000e0200000, 0x00000000e0300000, 0x00000000e0300000|100%|HC|  |TAMS 0x00000000e0200000| PB 0x00000000e0200000| Complete 
|   3|0x00000000e0300000, 0x00000000e0400000, 0x00000000e0400000|100%|HC|  |TAMS 0x00000000e0300000| PB 0x00000000e0300000| Complete 
|   4|0x00000000e0400000, 0x00000000e0500000, 0x00000000e0500000|100%| O|  |TAMS 0x00000000e0400000| PB 0x00000000e0400000| Untracked 
|   5|0x00000000e0500000, 0x00000000e0600000, 0x00000000e0600000|100%| O|  |TAMS 0x00000000e0500000| PB 0x00000000e0500000| Untracked 
|   6|0x00000000e0600000, 0x00000000e0700000, 0x00000000e0700000|100%| O|  |TAMS 0x00000000e0600000| PB 0x00000000e0600000| Untracked 
|   7|0x00000000e0700000, 0x00000000e0800000, 0x00000000e0800000|100%| O|  |TAMS 0x00000000e0700000| PB 0x00000000e0700000| Untracked 
|   8|0x00000000e0800000, 0x00000000e0900000, 0x00000000e0900000|100%|HS|  |TAMS 0x00000000e0800000| PB 0x00000000e0800000| Complete 
|   9|0x00000000e0900000, 0x00000000e0900000, 0x00000000e0a00000|  0%| F|  |TAMS 0x00000000e0900000| PB 0x00000000e0900000| Untracked 
|  10|0x00000000e0a00000, 0x00000000e0b00000, 0x00000000e0b00000|100%| O|  |TAMS 0x00000000e0a00000| PB 0x00000000e0a00000| Untracked 
|  11|0x00000000e0b00000, 0x00000000e0c00000, 0x00000000e0c00000|100%| O|  |TAMS 0x00000000e0b00000| PB 0x00000000e0b00000| Untracked 
|  12|0x00000000e0c00000, 0x00000000e0d00000, 0x00000000e0d00000|100%| O|  |TAMS 0x00000000e0c00000| PB 0x00000000e0c00000| Untracked 
|  13|0x00000000e0d00000, 0x00000000e0d00000, 0x00000000e0e00000|  0%| F|  |TAMS 0x00000000e0d00000| PB 0x00000000e0d00000| Untracked 
|  14|0x00000000e0e00000, 0x00000000e0f00000, 0x00000000e0f00000|100%| O|  |TAMS 0x00000000e0e00000| PB 0x00000000e0e00000| Untracked 
|  15|0x00000000e0f00000, 0x00000000e1000000, 0x00000000e1000000|100%| O|  |TAMS 0x00000000e0f00000| PB 0x00000000e0f00000| Untracked 
|  16|0x00000000e1000000, 0x00000000e1100000, 0x00000000e1100000|100%| O|  |TAMS 0x00000000e1000000| PB 0x00000000e1000000| Untracked 
|  17|0x00000000e1100000, 0x00000000e111b990, 0x00000000e1200000| 10%| O|  |TAMS 0x00000000e1100000| PB 0x00000000e1100000| Untracked 
|  18|0x00000000e1200000, 0x00000000e1200000, 0x00000000e1300000|  0%| F|  |TAMS 0x00000000e1200000| PB 0x00000000e1200000| Untracked 
|  19|0x00000000e1300000, 0x00000000e1300000, 0x00000000e1400000|  0%| F|  |TAMS 0x00000000e1300000| PB 0x00000000e1300000| Untracked 
|  20|0x00000000e1400000, 0x00000000e1400000, 0x00000000e1500000|  0%| F|  |TAMS 0x00000000e1400000| PB 0x00000000e1400000| Untracked 
|  21|0x00000000e1500000, 0x00000000e1500000, 0x00000000e1600000|  0%| F|  |TAMS 0x00000000e1500000| PB 0x00000000e1500000| Untracked 
|  22|0x00000000e1600000, 0x00000000e1600000, 0x00000000e1700000|  0%| F|  |TAMS 0x00000000e1600000| PB 0x00000000e1600000| Untracked 
|  23|0x00000000e1700000, 0x00000000e1700000, 0x00000000e1800000|  0%| F|  |TAMS 0x00000000e1700000| PB 0x00000000e1700000| Untracked 
|  24|0x00000000e1800000, 0x00000000e1800000, 0x00000000e1900000|  0%| F|  |TAMS 0x00000000e1800000| PB 0x00000000e1800000| Untracked 
|  25|0x00000000e1900000, 0x00000000e1900000, 0x00000000e1a00000|  0%| F|  |TAMS 0x00000000e1900000| PB 0x00000000e1900000| Untracked 
|  26|0x00000000e1a00000, 0x00000000e1a00000, 0x00000000e1b00000|  0%| F|  |TAMS 0x00000000e1a00000| PB 0x00000000e1a00000| Untracked 
|  27|0x00000000e1b00000, 0x00000000e1b00000, 0x00000000e1c00000|  0%| F|  |TAMS 0x00000000e1b00000| PB 0x00000000e1b00000| Untracked 
|  28|0x00000000e1c00000, 0x00000000e1c00000, 0x00000000e1d00000|  0%| F|  |TAMS 0x00000000e1c00000| PB 0x00000000e1c00000| Untracked 
|  29|0x00000000e1d00000, 0x00000000e1d00000, 0x00000000e1e00000|  0%| F|  |TAMS 0x00000000e1d00000| PB 0x00000000e1d00000| Untracked 
|  30|0x00000000e1e00000, 0x00000000e1e00000, 0x00000000e1f00000|  0%| F|  |TAMS 0x00000000e1e00000| PB 0x00000000e1e00000| Untracked 
|  31|0x00000000e1f00000, 0x00000000e1f00000, 0x00000000e2000000|  0%| F|  |TAMS 0x00000000e1f00000| PB 0x00000000e1f00000| Untracked 
|  32|0x00000000e2000000, 0x00000000e2000000, 0x00000000e2100000|  0%| F|  |TAMS 0x00000000e2000000| PB 0x00000000e2000000| Untracked 
|  33|0x00000000e2100000, 0x00000000e2100000, 0x00000000e2200000|  0%| F|  |TAMS 0x00000000e2100000| PB 0x00000000e2100000| Untracked 
|  34|0x00000000e2200000, 0x00000000e2200000, 0x00000000e2300000|  0%| F|  |TAMS 0x00000000e2200000| PB 0x00000000e2200000| Untracked 
|  35|0x00000000e2300000, 0x00000000e2300000, 0x00000000e2400000|  0%| F|  |TAMS 0x00000000e2300000| PB 0x00000000e2300000| Untracked 
|  36|0x00000000e2400000, 0x00000000e2400000, 0x00000000e2500000|  0%| F|  |TAMS 0x00000000e2400000| PB 0x00000000e2400000| Untracked 
|  37|0x00000000e2500000, 0x00000000e2500000, 0x00000000e2600000|  0%| F|  |TAMS 0x00000000e2500000| PB 0x00000000e2500000| Untracked 
|  38|0x00000000e2600000, 0x00000000e2600000, 0x00000000e2700000|  0%| F|  |TAMS 0x00000000e2600000| PB 0x00000000e2600000| Untracked 
|  39|0x00000000e2700000, 0x00000000e2700000, 0x00000000e2800000|  0%| F|  |TAMS 0x00000000e2700000| PB 0x00000000e2700000| Untracked 
|  40|0x00000000e2800000, 0x00000000e2800000, 0x00000000e2900000|  0%| F|  |TAMS 0x00000000e2800000| PB 0x00000000e2800000| Untracked 
|  41|0x00000000e2900000, 0x00000000e2900000, 0x00000000e2a00000|  0%| F|  |TAMS 0x00000000e2900000| PB 0x00000000e2900000| Untracked 
|  42|0x00000000e2a00000, 0x00000000e2a00000, 0x00000000e2b00000|  0%| F|  |TAMS 0x00000000e2a00000| PB 0x00000000e2a00000| Untracked 
|  43|0x00000000e2b00000, 0x00000000e2b00000, 0x00000000e2c00000|  0%| F|  |TAMS 0x00000000e2b00000| PB 0x00000000e2b00000| Untracked 
|  44|0x00000000e2c00000, 0x00000000e2c00000, 0x00000000e2d00000|  0%| F|  |TAMS 0x00000000e2c00000| PB 0x00000000e2c00000| Untracked 
|  45|0x00000000e2d00000, 0x00000000e2d00000, 0x00000000e2e00000|  0%| F|  |TAMS 0x00000000e2d00000| PB 0x00000000e2d00000| Untracked 
|  46|0x00000000e2e00000, 0x00000000e2e00000, 0x00000000e2f00000|  0%| F|  |TAMS 0x00000000e2e00000| PB 0x00000000e2e00000| Untracked 
|  47|0x00000000e2f00000, 0x00000000e2f00000, 0x00000000e3000000|  0%| F|  |TAMS 0x00000000e2f00000| PB 0x00000000e2f00000| Untracked 
|  48|0x00000000e3000000, 0x00000000e3000000, 0x00000000e3100000|  0%| F|  |TAMS 0x00000000e3000000| PB 0x00000000e3000000| Untracked 
|  49|0x00000000e3100000, 0x00000000e3100000, 0x00000000e3200000|  0%| F|  |TAMS 0x00000000e3100000| PB 0x00000000e3100000| Untracked 
|  50|0x00000000e3200000, 0x00000000e3200000, 0x00000000e3300000|  0%| F|  |TAMS 0x00000000e3200000| PB 0x00000000e3200000| Untracked 
|  51|0x00000000e3300000, 0x00000000e3300000, 0x00000000e3400000|  0%| F|  |TAMS 0x00000000e3300000| PB 0x00000000e3300000| Untracked 
|  52|0x00000000e3400000, 0x00000000e3400000, 0x00000000e3500000|  0%| F|  |TAMS 0x00000000e3400000| PB 0x00000000e3400000| Untracked 
|  53|0x00000000e3500000, 0x00000000e3500000, 0x00000000e3600000|  0%| F|  |TAMS 0x00000000e3500000| PB 0x00000000e3500000| Untracked 
|  54|0x00000000e3600000, 0x00000000e3600000, 0x00000000e3700000|  0%| F|  |TAMS 0x00000000e3600000| PB 0x00000000e3600000| Untracked 
|  55|0x00000000e3700000, 0x00000000e3700000, 0x00000000e3800000|  0%| F|  |TAMS 0x00000000e3700000| PB 0x00000000e3700000| Untracked 
|  56|0x00000000e3800000, 0x00000000e3800000, 0x00000000e3900000|  0%| F|  |TAMS 0x00000000e3800000| PB 0x00000000e3800000| Untracked 
|  57|0x00000000e3900000, 0x00000000e3900000, 0x00000000e3a00000|  0%| F|  |TAMS 0x00000000e3900000| PB 0x00000000e3900000| Untracked 
|  58|0x00000000e3a00000, 0x00000000e3a00000, 0x00000000e3b00000|  0%| F|  |TAMS 0x00000000e3a00000| PB 0x00000000e3a00000| Untracked 
|  59|0x00000000e3b00000, 0x00000000e3b00000, 0x00000000e3c00000|  0%| F|  |TAMS 0x00000000e3b00000| PB 0x00000000e3b00000| Untracked 
|  60|0x00000000e3c00000, 0x00000000e3c00000, 0x00000000e3d00000|  0%| F|  |TAMS 0x00000000e3c00000| PB 0x00000000e3c00000| Untracked 
|  61|0x00000000e3d00000, 0x00000000e3d00000, 0x00000000e3e00000|  0%| F|  |TAMS 0x00000000e3d00000| PB 0x00000000e3d00000| Untracked 
|  62|0x00000000e3e00000, 0x00000000e3e00000, 0x00000000e3f00000|  0%| F|  |TAMS 0x00000000e3e00000| PB 0x00000000e3e00000| Untracked 
|  63|0x00000000e3f00000, 0x00000000e3f00000, 0x00000000e4000000|  0%| F|  |TAMS 0x00000000e3f00000| PB 0x00000000e3f00000| Untracked 
|  64|0x00000000e4000000, 0x00000000e4000000, 0x00000000e4100000|  0%| F|  |TAMS 0x00000000e4000000| PB 0x00000000e4000000| Untracked 
|  65|0x00000000e4100000, 0x00000000e4100000, 0x00000000e4200000|  0%| F|  |TAMS 0x00000000e4100000| PB 0x00000000e4100000| Untracked 
|  66|0x00000000e4200000, 0x00000000e4200000, 0x00000000e4300000|  0%| F|  |TAMS 0x00000000e4200000| PB 0x00000000e4200000| Untracked 
|  67|0x00000000e4300000, 0x00000000e4300000, 0x00000000e4400000|  0%| F|  |TAMS 0x00000000e4300000| PB 0x00000000e4300000| Untracked 
|  68|0x00000000e4400000, 0x00000000e4400000, 0x00000000e4500000|  0%| F|  |TAMS 0x00000000e4400000| PB 0x00000000e4400000| Untracked 
|  69|0x00000000e4500000, 0x00000000e4500000, 0x00000000e4600000|  0%| F|  |TAMS 0x00000000e4500000| PB 0x00000000e4500000| Untracked 
|  70|0x00000000e4600000, 0x00000000e4600000, 0x00000000e4700000|  0%| F|  |TAMS 0x00000000e4600000| PB 0x00000000e4600000| Untracked 
|  71|0x00000000e4700000, 0x00000000e4700000, 0x00000000e4800000|  0%| F|  |TAMS 0x00000000e4700000| PB 0x00000000e4700000| Untracked 
|  72|0x00000000e4800000, 0x00000000e4800000, 0x00000000e4900000|  0%| F|  |TAMS 0x00000000e4800000| PB 0x00000000e4800000| Untracked 
|  73|0x00000000e4900000, 0x00000000e4900000, 0x00000000e4a00000|  0%| F|  |TAMS 0x00000000e4900000| PB 0x00000000e4900000| Untracked 
|  74|0x00000000e4a00000, 0x00000000e4a00000, 0x00000000e4b00000|  0%| F|  |TAMS 0x00000000e4a00000| PB 0x00000000e4a00000| Untracked 
|  75|0x00000000e4b00000, 0x00000000e4b00000, 0x00000000e4c00000|  0%| F|  |TAMS 0x00000000e4b00000| PB 0x00000000e4b00000| Untracked 
|  76|0x00000000e4c00000, 0x00000000e4c00000, 0x00000000e4d00000|  0%| F|  |TAMS 0x00000000e4c00000| PB 0x00000000e4c00000| Untracked 
|  77|0x00000000e4d00000, 0x00000000e4d00000, 0x00000000e4e00000|  0%| F|  |TAMS 0x00000000e4d00000| PB 0x00000000e4d00000| Untracked 
|  78|0x00000000e4e00000, 0x00000000e4e00000, 0x00000000e4f00000|  0%| F|  |TAMS 0x00000000e4e00000| PB 0x00000000e4e00000| Untracked 
|  79|0x00000000e4f00000, 0x00000000e4f00000, 0x00000000e5000000|  0%| F|  |TAMS 0x00000000e4f00000| PB 0x00000000e4f00000| Untracked 
|  80|0x00000000e5000000, 0x00000000e5000000, 0x00000000e5100000|  0%| F|  |TAMS 0x00000000e5000000| PB 0x00000000e5000000| Untracked 
|  81|0x00000000e5100000, 0x00000000e5100000, 0x00000000e5200000|  0%| F|  |TAMS 0x00000000e5100000| PB 0x00000000e5100000| Untracked 
|  82|0x00000000e5200000, 0x00000000e5200000, 0x00000000e5300000|  0%| F|  |TAMS 0x00000000e5200000| PB 0x00000000e5200000| Untracked 
|  83|0x00000000e5300000, 0x00000000e5300000, 0x00000000e5400000|  0%| F|  |TAMS 0x00000000e5300000| PB 0x00000000e5300000| Untracked 
|  84|0x00000000e5400000, 0x00000000e5400000, 0x00000000e5500000|  0%| F|  |TAMS 0x00000000e5400000| PB 0x00000000e5400000| Untracked 
|  85|0x00000000e5500000, 0x00000000e5500000, 0x00000000e5600000|  0%| F|  |TAMS 0x00000000e5500000| PB 0x00000000e5500000| Untracked 
|  86|0x00000000e5600000, 0x00000000e5600000, 0x00000000e5700000|  0%| F|  |TAMS 0x00000000e5600000| PB 0x00000000e5600000| Untracked 
|  87|0x00000000e5700000, 0x00000000e5700000, 0x00000000e5800000|  0%| F|  |TAMS 0x00000000e5700000| PB 0x00000000e5700000| Untracked 
|  88|0x00000000e5800000, 0x00000000e5800000, 0x00000000e5900000|  0%| F|  |TAMS 0x00000000e5800000| PB 0x00000000e5800000| Untracked 
|  89|0x00000000e5900000, 0x00000000e5900000, 0x00000000e5a00000|  0%| F|  |TAMS 0x00000000e5900000| PB 0x00000000e5900000| Untracked 
|  90|0x00000000e5a00000, 0x00000000e5a00000, 0x00000000e5b00000|  0%| F|  |TAMS 0x00000000e5a00000| PB 0x00000000e5a00000| Untracked 
|  91|0x00000000e5b00000, 0x00000000e5b00000, 0x00000000e5c00000|  0%| F|  |TAMS 0x00000000e5b00000| PB 0x00000000e5b00000| Untracked 
|  92|0x00000000e5c00000, 0x00000000e5c00000, 0x00000000e5d00000|  0%| F|  |TAMS 0x00000000e5c00000| PB 0x00000000e5c00000| Untracked 
|  93|0x00000000e5d00000, 0x00000000e5d00000, 0x00000000e5e00000|  0%| F|  |TAMS 0x00000000e5d00000| PB 0x00000000e5d00000| Untracked 
|  94|0x00000000e5e00000, 0x00000000e5e00000, 0x00000000e5f00000|  0%| F|  |TAMS 0x00000000e5e00000| PB 0x00000000e5e00000| Untracked 
|  95|0x00000000e5f00000, 0x00000000e5f00000, 0x00000000e6000000|  0%| F|  |TAMS 0x00000000e5f00000| PB 0x00000000e5f00000| Untracked 
|  96|0x00000000e6000000, 0x00000000e6000000, 0x00000000e6100000|  0%| F|  |TAMS 0x00000000e6000000| PB 0x00000000e6000000| Untracked 
|  97|0x00000000e6100000, 0x00000000e6100000, 0x00000000e6200000|  0%| F|  |TAMS 0x00000000e6100000| PB 0x00000000e6100000| Untracked 
|  98|0x00000000e6200000, 0x00000000e6200000, 0x00000000e6300000|  0%| F|  |TAMS 0x00000000e6200000| PB 0x00000000e6200000| Untracked 
|  99|0x00000000e6300000, 0x00000000e6300000, 0x00000000e6400000|  0%| F|  |TAMS 0x00000000e6300000| PB 0x00000000e6300000| Untracked 
| 100|0x00000000e6400000, 0x00000000e6400000, 0x00000000e6500000|  0%| F|  |TAMS 0x00000000e6400000| PB 0x00000000e6400000| Untracked 
| 101|0x00000000e6500000, 0x00000000e6500000, 0x00000000e6600000|  0%| F|  |TAMS 0x00000000e6500000| PB 0x00000000e6500000| Untracked 
| 102|0x00000000e6600000, 0x00000000e6600000, 0x00000000e6700000|  0%| F|  |TAMS 0x00000000e6600000| PB 0x00000000e6600000| Untracked 
| 103|0x00000000e6700000, 0x00000000e6700000, 0x00000000e6800000|  0%| F|  |TAMS 0x00000000e6700000| PB 0x00000000e6700000| Untracked 
| 104|0x00000000e6800000, 0x00000000e6800000, 0x00000000e6900000|  0%| F|  |TAMS 0x00000000e6800000| PB 0x00000000e6800000| Untracked 
| 105|0x00000000e6900000, 0x00000000e6900000, 0x00000000e6a00000|  0%| F|  |TAMS 0x00000000e6900000| PB 0x00000000e6900000| Untracked 
| 106|0x00000000e6a00000, 0x00000000e6a00000, 0x00000000e6b00000|  0%| F|  |TAMS 0x00000000e6a00000| PB 0x00000000e6a00000| Untracked 
| 107|0x00000000e6b00000, 0x00000000e6b00000, 0x00000000e6c00000|  0%| F|  |TAMS 0x00000000e6b00000| PB 0x00000000e6b00000| Untracked 
| 108|0x00000000e6c00000, 0x00000000e6c00000, 0x00000000e6d00000|  0%| F|  |TAMS 0x00000000e6c00000| PB 0x00000000e6c00000| Untracked 
| 109|0x00000000e6d00000, 0x00000000e6d00000, 0x00000000e6e00000|  0%| F|  |TAMS 0x00000000e6d00000| PB 0x00000000e6d00000| Untracked 
| 110|0x00000000e6e00000, 0x00000000e6e00000, 0x00000000e6f00000|  0%| F|  |TAMS 0x00000000e6e00000| PB 0x00000000e6e00000| Untracked 
| 111|0x00000000e6f00000, 0x00000000e6f00000, 0x00000000e7000000|  0%| F|  |TAMS 0x00000000e6f00000| PB 0x00000000e6f00000| Untracked 
| 112|0x00000000e7000000, 0x00000000e7000000, 0x00000000e7100000|  0%| F|  |TAMS 0x00000000e7000000| PB 0x00000000e7000000| Untracked 
| 113|0x00000000e7100000, 0x00000000e7100000, 0x00000000e7200000|  0%| F|  |TAMS 0x00000000e7100000| PB 0x00000000e7100000| Untracked 
| 114|0x00000000e7200000, 0x00000000e7200000, 0x00000000e7300000|  0%| F|  |TAMS 0x00000000e7200000| PB 0x00000000e7200000| Untracked 
| 115|0x00000000e7300000, 0x00000000e7300000, 0x00000000e7400000|  0%| F|  |TAMS 0x00000000e7300000| PB 0x00000000e7300000| Untracked 
| 116|0x00000000e7400000, 0x00000000e7400000, 0x00000000e7500000|  0%| F|  |TAMS 0x00000000e7400000| PB 0x00000000e7400000| Untracked 
| 117|0x00000000e7500000, 0x00000000e7500000, 0x00000000e7600000|  0%| F|  |TAMS 0x00000000e7500000| PB 0x00000000e7500000| Untracked 
| 118|0x00000000e7600000, 0x00000000e7600000, 0x00000000e7700000|  0%| F|  |TAMS 0x00000000e7600000| PB 0x00000000e7600000| Untracked 
| 119|0x00000000e7700000, 0x00000000e7700000, 0x00000000e7800000|  0%| F|  |TAMS 0x00000000e7700000| PB 0x00000000e7700000| Untracked 
| 120|0x00000000e7800000, 0x00000000e7800000, 0x00000000e7900000|  0%| F|  |TAMS 0x00000000e7800000| PB 0x00000000e7800000| Untracked 
| 121|0x00000000e7900000, 0x00000000e7900000, 0x00000000e7a00000|  0%| F|  |TAMS 0x00000000e7900000| PB 0x00000000e7900000| Untracked 
| 122|0x00000000e7a00000, 0x00000000e7a00000, 0x00000000e7b00000|  0%| F|  |TAMS 0x00000000e7a00000| PB 0x00000000e7a00000| Untracked 
| 123|0x00000000e7b00000, 0x00000000e7b00000, 0x00000000e7c00000|  0%| F|  |TAMS 0x00000000e7b00000| PB 0x00000000e7b00000| Untracked 
| 124|0x00000000e7c00000, 0x00000000e7c00000, 0x00000000e7d00000|  0%| F|  |TAMS 0x00000000e7c00000| PB 0x00000000e7c00000| Untracked 
| 125|0x00000000e7d00000, 0x00000000e7d00000, 0x00000000e7e00000|  0%| F|  |TAMS 0x00000000e7d00000| PB 0x00000000e7d00000| Untracked 
| 126|0x00000000e7e00000, 0x00000000e7e00000, 0x00000000e7f00000|  0%| F|  |TAMS 0x00000000e7e00000| PB 0x00000000e7e00000| Untracked 
| 127|0x00000000e7f00000, 0x00000000e7f00000, 0x00000000e8000000|  0%| F|  |TAMS 0x00000000e7f00000| PB 0x00000000e7f00000| Untracked 
| 128|0x00000000e8000000, 0x00000000e8000000, 0x00000000e8100000|  0%| F|  |TAMS 0x00000000e8000000| PB 0x00000000e8000000| Untracked 
| 129|0x00000000e8100000, 0x00000000e8100000, 0x00000000e8200000|  0%| F|  |TAMS 0x00000000e8100000| PB 0x00000000e8100000| Untracked 
| 130|0x00000000e8200000, 0x00000000e8200000, 0x00000000e8300000|  0%| F|  |TAMS 0x00000000e8200000| PB 0x00000000e8200000| Untracked 
| 131|0x00000000e8300000, 0x00000000e8300000, 0x00000000e8400000|  0%| F|  |TAMS 0x00000000e8300000| PB 0x00000000e8300000| Untracked 
| 132|0x00000000e8400000, 0x00000000e8400000, 0x00000000e8500000|  0%| F|  |TAMS 0x00000000e8400000| PB 0x00000000e8400000| Untracked 
| 133|0x00000000e8500000, 0x00000000e8500000, 0x00000000e8600000|  0%| F|  |TAMS 0x00000000e8500000| PB 0x00000000e8500000| Untracked 
| 134|0x00000000e8600000, 0x00000000e8600000, 0x00000000e8700000|  0%| F|  |TAMS 0x00000000e8600000| PB 0x00000000e8600000| Untracked 
| 135|0x00000000e8700000, 0x00000000e8700000, 0x00000000e8800000|  0%| F|  |TAMS 0x00000000e8700000| PB 0x00000000e8700000| Untracked 
| 136|0x00000000e8800000, 0x00000000e8800000, 0x00000000e8900000|  0%| F|  |TAMS 0x00000000e8800000| PB 0x00000000e8800000| Untracked 
| 137|0x00000000e8900000, 0x00000000e8a00000, 0x00000000e8a00000|100%| E|  |TAMS 0x00000000e8900000| PB 0x00000000e8900000| Complete 
| 138|0x00000000e8a00000, 0x00000000e8b00000, 0x00000000e8b00000|100%| E|CS|TAMS 0x00000000e8a00000| PB 0x00000000e8a00000| Complete 
| 139|0x00000000e8b00000, 0x00000000e8c00000, 0x00000000e8c00000|100%| E|CS|TAMS 0x00000000e8b00000| PB 0x00000000e8b00000| Complete 
| 140|0x00000000e8c00000, 0x00000000e8d00000, 0x00000000e8d00000|100%| E|CS|TAMS 0x00000000e8c00000| PB 0x00000000e8c00000| Complete 
| 141|0x00000000e8d00000, 0x00000000e8e00000, 0x00000000e8e00000|100%| E|CS|TAMS 0x00000000e8d00000| PB 0x00000000e8d00000| Complete 
| 142|0x00000000e8e00000, 0x00000000e8f00000, 0x00000000e8f00000|100%| E|CS|TAMS 0x00000000e8e00000| PB 0x00000000e8e00000| Complete 
| 143|0x00000000e8f00000, 0x00000000e9000000, 0x00000000e9000000|100%| E|CS|TAMS 0x00000000e8f00000| PB 0x00000000e8f00000| Complete 
| 144|0x00000000e9000000, 0x00000000e9100000, 0x00000000e9100000|100%| E|CS|TAMS 0x00000000e9000000| PB 0x00000000e9000000| Complete 
| 145|0x00000000e9100000, 0x00000000e9200000, 0x00000000e9200000|100%| E|CS|TAMS 0x00000000e9100000| PB 0x00000000e9100000| Complete 
| 146|0x00000000e9200000, 0x00000000e9300000, 0x00000000e9300000|100%| E|CS|TAMS 0x00000000e9200000| PB 0x00000000e9200000| Complete 
| 147|0x00000000e9300000, 0x00000000e9400000, 0x00000000e9400000|100%| E|CS|TAMS 0x00000000e9300000| PB 0x00000000e9300000| Complete 
| 148|0x00000000e9400000, 0x00000000e9500000, 0x00000000e9500000|100%| E|CS|TAMS 0x00000000e9400000| PB 0x00000000e9400000| Complete 
| 149|0x00000000e9500000, 0x00000000e9600000, 0x00000000e9600000|100%| E|CS|TAMS 0x00000000e9500000| PB 0x00000000e9500000| Complete 
| 150|0x00000000e9600000, 0x00000000e9700000, 0x00000000e9700000|100%| E|CS|TAMS 0x00000000e9600000| PB 0x00000000e9600000| Complete 
| 151|0x00000000e9700000, 0x00000000e9800000, 0x00000000e9800000|100%| E|CS|TAMS 0x00000000e9700000| PB 0x00000000e9700000| Complete 
| 152|0x00000000e9800000, 0x00000000e9900000, 0x00000000e9900000|100%| E|CS|TAMS 0x00000000e9800000| PB 0x00000000e9800000| Complete 
| 153|0x00000000e9900000, 0x00000000e9963580, 0x00000000e9a00000| 38%| S|CS|TAMS 0x00000000e9900000| PB 0x00000000e9900000| Complete 
| 154|0x00000000e9a00000, 0x00000000e9b00000, 0x00000000e9b00000|100%| S|CS|TAMS 0x00000000e9a00000| PB 0x00000000e9a00000| Complete 
| 155|0x00000000e9b00000, 0x00000000e9c00000, 0x00000000e9c00000|100%| S|CS|TAMS 0x00000000e9b00000| PB 0x00000000e9b00000| Complete 
| 156|0x00000000e9c00000, 0x00000000e9d00000, 0x00000000e9d00000|100%| S|CS|TAMS 0x00000000e9c00000| PB 0x00000000e9c00000| Complete 
| 157|0x00000000e9d00000, 0x00000000e9e00000, 0x00000000e9e00000|100%| S|CS|TAMS 0x00000000e9d00000| PB 0x00000000e9d00000| Complete 
| 158|0x00000000e9e00000, 0x00000000e9f00000, 0x00000000e9f00000|100%| S|CS|TAMS 0x00000000e9e00000| PB 0x00000000e9e00000| Complete 
| 159|0x00000000e9f00000, 0x00000000ea000000, 0x00000000ea000000|100%| S|CS|TAMS 0x00000000e9f00000| PB 0x00000000e9f00000| Complete 
| 160|0x00000000ea000000, 0x00000000ea100000, 0x00000000ea100000|100%| S|CS|TAMS 0x00000000ea000000| PB 0x00000000ea000000| Complete 
| 161|0x00000000ea100000, 0x00000000ea200000, 0x00000000ea200000|100%| S|CS|TAMS 0x00000000ea100000| PB 0x00000000ea100000| Complete 
| 162|0x00000000ea200000, 0x00000000ea300000, 0x00000000ea300000|100%| S|CS|TAMS 0x00000000ea200000| PB 0x00000000ea200000| Complete 
| 163|0x00000000ea300000, 0x00000000ea400000, 0x00000000ea400000|100%| S|CS|TAMS 0x00000000ea300000| PB 0x00000000ea300000| Complete 
| 164|0x00000000ea400000, 0x00000000ea500000, 0x00000000ea500000|100%| E|CS|TAMS 0x00000000ea400000| PB 0x00000000ea400000| Complete 
| 165|0x00000000ea500000, 0x00000000ea600000, 0x00000000ea600000|100%| E|CS|TAMS 0x00000000ea500000| PB 0x00000000ea500000| Complete 
| 166|0x00000000ea600000, 0x00000000ea700000, 0x00000000ea700000|100%| E|CS|TAMS 0x00000000ea600000| PB 0x00000000ea600000| Complete 
| 167|0x00000000ea700000, 0x00000000ea800000, 0x00000000ea800000|100%| E|CS|TAMS 0x00000000ea700000| PB 0x00000000ea700000| Complete 
| 168|0x00000000ea800000, 0x00000000ea900000, 0x00000000ea900000|100%| E|CS|TAMS 0x00000000ea800000| PB 0x00000000ea800000| Complete 
| 169|0x00000000ea900000, 0x00000000eaa00000, 0x00000000eaa00000|100%| E|CS|TAMS 0x00000000ea900000| PB 0x00000000ea900000| Complete 
| 170|0x00000000eaa00000, 0x00000000eab00000, 0x00000000eab00000|100%| E|CS|TAMS 0x00000000eaa00000| PB 0x00000000eaa00000| Complete 
| 171|0x00000000eab00000, 0x00000000eac00000, 0x00000000eac00000|100%| E|CS|TAMS 0x00000000eab00000| PB 0x00000000eab00000| Complete 
| 172|0x00000000eac00000, 0x00000000ead00000, 0x00000000ead00000|100%| E|CS|TAMS 0x00000000eac00000| PB 0x00000000eac00000| Complete 
| 173|0x00000000ead00000, 0x00000000eae00000, 0x00000000eae00000|100%| E|CS|TAMS 0x00000000ead00000| PB 0x00000000ead00000| Complete 
| 174|0x00000000eae00000, 0x00000000eaf00000, 0x00000000eaf00000|100%| E|CS|TAMS 0x00000000eae00000| PB 0x00000000eae00000| Complete 
| 175|0x00000000eaf00000, 0x00000000eb000000, 0x00000000eb000000|100%| E|CS|TAMS 0x00000000eaf00000| PB 0x00000000eaf00000| Complete 
| 176|0x00000000eb000000, 0x00000000eb100000, 0x00000000eb100000|100%| E|CS|TAMS 0x00000000eb000000| PB 0x00000000eb000000| Complete 
| 177|0x00000000eb100000, 0x00000000eb200000, 0x00000000eb200000|100%| E|CS|TAMS 0x00000000eb100000| PB 0x00000000eb100000| Complete 
| 178|0x00000000eb200000, 0x00000000eb300000, 0x00000000eb300000|100%| E|CS|TAMS 0x00000000eb200000| PB 0x00000000eb200000| Complete 
| 179|0x00000000eb300000, 0x00000000eb400000, 0x00000000eb400000|100%| E|CS|TAMS 0x00000000eb300000| PB 0x00000000eb300000| Complete 
| 180|0x00000000eb400000, 0x00000000eb500000, 0x00000000eb500000|100%| E|CS|TAMS 0x00000000eb400000| PB 0x00000000eb400000| Complete 
| 181|0x00000000eb500000, 0x00000000eb600000, 0x00000000eb600000|100%| E|CS|TAMS 0x00000000eb500000| PB 0x00000000eb500000| Complete 
| 182|0x00000000eb600000, 0x00000000eb700000, 0x00000000eb700000|100%| E|CS|TAMS 0x00000000eb600000| PB 0x00000000eb600000| Complete 
| 183|0x00000000eb700000, 0x00000000eb800000, 0x00000000eb800000|100%| E|CS|TAMS 0x00000000eb700000| PB 0x00000000eb700000| Complete 
| 184|0x00000000eb800000, 0x00000000eb900000, 0x00000000eb900000|100%| E|CS|TAMS 0x00000000eb800000| PB 0x00000000eb800000| Complete 
| 185|0x00000000eb900000, 0x00000000eba00000, 0x00000000eba00000|100%| E|CS|TAMS 0x00000000eb900000| PB 0x00000000eb900000| Complete 
| 186|0x00000000eba00000, 0x00000000ebb00000, 0x00000000ebb00000|100%| E|CS|TAMS 0x00000000eba00000| PB 0x00000000eba00000| Complete 
| 187|0x00000000ebb00000, 0x00000000ebc00000, 0x00000000ebc00000|100%| E|CS|TAMS 0x00000000ebb00000| PB 0x00000000ebb00000| Complete 
| 188|0x00000000ebc00000, 0x00000000ebd00000, 0x00000000ebd00000|100%| E|CS|TAMS 0x00000000ebc00000| PB 0x00000000ebc00000| Complete 
| 189|0x00000000ebd00000, 0x00000000ebe00000, 0x00000000ebe00000|100%| E|CS|TAMS 0x00000000ebd00000| PB 0x00000000ebd00000| Complete 
| 190|0x00000000ebe00000, 0x00000000ebf00000, 0x00000000ebf00000|100%| E|CS|TAMS 0x00000000ebe00000| PB 0x00000000ebe00000| Complete 
| 191|0x00000000ebf00000, 0x00000000ec000000, 0x00000000ec000000|100%| E|CS|TAMS 0x00000000ebf00000| PB 0x00000000ebf00000| Complete 
| 192|0x00000000ec000000, 0x00000000ec100000, 0x00000000ec100000|100%| E|CS|TAMS 0x00000000ec000000| PB 0x00000000ec000000| Complete 
| 193|0x00000000ec100000, 0x00000000ec200000, 0x00000000ec200000|100%| E|CS|TAMS 0x00000000ec100000| PB 0x00000000ec100000| Complete 
| 194|0x00000000ec200000, 0x00000000ec300000, 0x00000000ec300000|100%| E|CS|TAMS 0x00000000ec200000| PB 0x00000000ec200000| Complete 
| 195|0x00000000ec300000, 0x00000000ec400000, 0x00000000ec400000|100%| E|CS|TAMS 0x00000000ec300000| PB 0x00000000ec300000| Complete 
| 196|0x00000000ec400000, 0x00000000ec500000, 0x00000000ec500000|100%| E|CS|TAMS 0x00000000ec400000| PB 0x00000000ec400000| Complete 
| 197|0x00000000ec500000, 0x00000000ec600000, 0x00000000ec600000|100%| E|CS|TAMS 0x00000000ec500000| PB 0x00000000ec500000| Complete 
| 198|0x00000000ec600000, 0x00000000ec700000, 0x00000000ec700000|100%| E|CS|TAMS 0x00000000ec600000| PB 0x00000000ec600000| Complete 
| 199|0x00000000ec700000, 0x00000000ec800000, 0x00000000ec800000|100%| E|CS|TAMS 0x00000000ec700000| PB 0x00000000ec700000| Complete 
| 200|0x00000000ec800000, 0x00000000ec900000, 0x00000000ec900000|100%| E|CS|TAMS 0x00000000ec800000| PB 0x00000000ec800000| Complete 
| 201|0x00000000ec900000, 0x00000000eca00000, 0x00000000eca00000|100%| E|CS|TAMS 0x00000000ec900000| PB 0x00000000ec900000| Complete 
| 202|0x00000000eca00000, 0x00000000ecb00000, 0x00000000ecb00000|100%| E|CS|TAMS 0x00000000eca00000| PB 0x00000000eca00000| Complete 
| 203|0x00000000ecb00000, 0x00000000ecc00000, 0x00000000ecc00000|100%| E|CS|TAMS 0x00000000ecb00000| PB 0x00000000ecb00000| Complete 
| 204|0x00000000ecc00000, 0x00000000ecd00000, 0x00000000ecd00000|100%| E|CS|TAMS 0x00000000ecc00000| PB 0x00000000ecc00000| Complete 
| 205|0x00000000ecd00000, 0x00000000ece00000, 0x00000000ece00000|100%| E|CS|TAMS 0x00000000ecd00000| PB 0x00000000ecd00000| Complete 
| 206|0x00000000ece00000, 0x00000000ecf00000, 0x00000000ecf00000|100%| E|CS|TAMS 0x00000000ece00000| PB 0x00000000ece00000| Complete 
| 207|0x00000000ecf00000, 0x00000000ed000000, 0x00000000ed000000|100%| E|CS|TAMS 0x00000000ecf00000| PB 0x00000000ecf00000| Complete 
| 208|0x00000000ed000000, 0x00000000ed100000, 0x00000000ed100000|100%| E|CS|TAMS 0x00000000ed000000| PB 0x00000000ed000000| Complete 
| 209|0x00000000ed100000, 0x00000000ed200000, 0x00000000ed200000|100%| E|CS|TAMS 0x00000000ed100000| PB 0x00000000ed100000| Complete 
| 210|0x00000000ed200000, 0x00000000ed300000, 0x00000000ed300000|100%| E|CS|TAMS 0x00000000ed200000| PB 0x00000000ed200000| Complete 
| 211|0x00000000ed300000, 0x00000000ed400000, 0x00000000ed400000|100%| E|CS|TAMS 0x00000000ed300000| PB 0x00000000ed300000| Complete 
| 212|0x00000000ed400000, 0x00000000ed500000, 0x00000000ed500000|100%| E|CS|TAMS 0x00000000ed400000| PB 0x00000000ed400000| Complete 
| 213|0x00000000ed500000, 0x00000000ed600000, 0x00000000ed600000|100%| E|CS|TAMS 0x00000000ed500000| PB 0x00000000ed500000| Complete 
| 214|0x00000000ed600000, 0x00000000ed700000, 0x00000000ed700000|100%| E|CS|TAMS 0x00000000ed600000| PB 0x00000000ed600000| Complete 
| 215|0x00000000ed700000, 0x00000000ed800000, 0x00000000ed800000|100%| E|CS|TAMS 0x00000000ed700000| PB 0x00000000ed700000| Complete 
| 216|0x00000000ed800000, 0x00000000ed900000, 0x00000000ed900000|100%| E|CS|TAMS 0x00000000ed800000| PB 0x00000000ed800000| Complete 
| 217|0x00000000ed900000, 0x00000000eda00000, 0x00000000eda00000|100%| E|CS|TAMS 0x00000000ed900000| PB 0x00000000ed900000| Complete 
| 218|0x00000000eda00000, 0x00000000edb00000, 0x00000000edb00000|100%| E|CS|TAMS 0x00000000eda00000| PB 0x00000000eda00000| Complete 
| 219|0x00000000edb00000, 0x00000000edc00000, 0x00000000edc00000|100%| E|CS|TAMS 0x00000000edb00000| PB 0x00000000edb00000| Complete 
| 220|0x00000000edc00000, 0x00000000edd00000, 0x00000000edd00000|100%| E|CS|TAMS 0x00000000edc00000| PB 0x00000000edc00000| Complete 
| 221|0x00000000edd00000, 0x00000000ede00000, 0x00000000ede00000|100%| E|CS|TAMS 0x00000000edd00000| PB 0x00000000edd00000| Complete 
| 222|0x00000000ede00000, 0x00000000edf00000, 0x00000000edf00000|100%| E|CS|TAMS 0x00000000ede00000| PB 0x00000000ede00000| Complete 
| 223|0x00000000edf00000, 0x00000000ee000000, 0x00000000ee000000|100%| E|CS|TAMS 0x00000000edf00000| PB 0x00000000edf00000| Complete 
| 224|0x00000000ee000000, 0x00000000ee100000, 0x00000000ee100000|100%| E|CS|TAMS 0x00000000ee000000| PB 0x00000000ee000000| Complete 
| 225|0x00000000ee100000, 0x00000000ee200000, 0x00000000ee200000|100%| E|CS|TAMS 0x00000000ee100000| PB 0x00000000ee100000| Complete 
| 226|0x00000000ee200000, 0x00000000ee300000, 0x00000000ee300000|100%| E|CS|TAMS 0x00000000ee200000| PB 0x00000000ee200000| Complete 
| 227|0x00000000ee300000, 0x00000000ee400000, 0x00000000ee400000|100%| E|CS|TAMS 0x00000000ee300000| PB 0x00000000ee300000| Complete 
| 228|0x00000000ee400000, 0x00000000ee500000, 0x00000000ee500000|100%| E|CS|TAMS 0x00000000ee400000| PB 0x00000000ee400000| Complete 
| 229|0x00000000ee500000, 0x00000000ee600000, 0x00000000ee600000|100%| E|CS|TAMS 0x00000000ee500000| PB 0x00000000ee500000| Complete 
| 230|0x00000000ee600000, 0x00000000ee700000, 0x00000000ee700000|100%| E|CS|TAMS 0x00000000ee600000| PB 0x00000000ee600000| Complete 
| 231|0x00000000ee700000, 0x00000000ee800000, 0x00000000ee800000|100%| E|CS|TAMS 0x00000000ee700000| PB 0x00000000ee700000| Complete 
| 232|0x00000000ee800000, 0x00000000ee900000, 0x00000000ee900000|100%| E|CS|TAMS 0x00000000ee800000| PB 0x00000000ee800000| Complete 
| 233|0x00000000ee900000, 0x00000000eea00000, 0x00000000eea00000|100%| E|CS|TAMS 0x00000000ee900000| PB 0x00000000ee900000| Complete 
| 234|0x00000000eea00000, 0x00000000eeb00000, 0x00000000eeb00000|100%| E|CS|TAMS 0x00000000eea00000| PB 0x00000000eea00000| Complete 
| 235|0x00000000eeb00000, 0x00000000eec00000, 0x00000000eec00000|100%| E|CS|TAMS 0x00000000eeb00000| PB 0x00000000eeb00000| Complete 
| 236|0x00000000eec00000, 0x00000000eed00000, 0x00000000eed00000|100%| E|CS|TAMS 0x00000000eec00000| PB 0x00000000eec00000| Complete 
| 237|0x00000000eed00000, 0x00000000eee00000, 0x00000000eee00000|100%| E|CS|TAMS 0x00000000eed00000| PB 0x00000000eed00000| Complete 
| 238|0x00000000eee00000, 0x00000000eef00000, 0x00000000eef00000|100%| E|CS|TAMS 0x00000000eee00000| PB 0x00000000eee00000| Complete 
| 239|0x00000000eef00000, 0x00000000ef000000, 0x00000000ef000000|100%| E|CS|TAMS 0x00000000eef00000| PB 0x00000000eef00000| Complete 
| 240|0x00000000ef000000, 0x00000000ef100000, 0x00000000ef100000|100%| E|CS|TAMS 0x00000000ef000000| PB 0x00000000ef000000| Complete 
| 241|0x00000000ef100000, 0x00000000ef200000, 0x00000000ef200000|100%| E|CS|TAMS 0x00000000ef100000| PB 0x00000000ef100000| Complete 
| 242|0x00000000ef200000, 0x00000000ef300000, 0x00000000ef300000|100%| E|CS|TAMS 0x00000000ef200000| PB 0x00000000ef200000| Complete 
| 243|0x00000000ef300000, 0x00000000ef400000, 0x00000000ef400000|100%| E|CS|TAMS 0x00000000ef300000| PB 0x00000000ef300000| Complete 
| 244|0x00000000ef400000, 0x00000000ef500000, 0x00000000ef500000|100%| E|CS|TAMS 0x00000000ef400000| PB 0x00000000ef400000| Complete 
| 245|0x00000000ef500000, 0x00000000ef600000, 0x00000000ef600000|100%| E|CS|TAMS 0x00000000ef500000| PB 0x00000000ef500000| Complete 
| 246|0x00000000ef600000, 0x00000000ef700000, 0x00000000ef700000|100%| E|CS|TAMS 0x00000000ef600000| PB 0x00000000ef600000| Complete 
| 247|0x00000000ef700000, 0x00000000ef800000, 0x00000000ef800000|100%| E|CS|TAMS 0x00000000ef700000| PB 0x00000000ef700000| Complete 
| 248|0x00000000ef800000, 0x00000000ef900000, 0x00000000ef900000|100%| E|CS|TAMS 0x00000000ef800000| PB 0x00000000ef800000| Complete 
| 249|0x00000000ef900000, 0x00000000efa00000, 0x00000000efa00000|100%| E|CS|TAMS 0x00000000ef900000| PB 0x00000000ef900000| Complete 
| 250|0x00000000efa00000, 0x00000000efb00000, 0x00000000efb00000|100%| E|CS|TAMS 0x00000000efa00000| PB 0x00000000efa00000| Complete 
| 251|0x00000000efb00000, 0x00000000efc00000, 0x00000000efc00000|100%| E|CS|TAMS 0x00000000efb00000| PB 0x00000000efb00000| Complete 
| 252|0x00000000efc00000, 0x00000000efd00000, 0x00000000efd00000|100%| E|CS|TAMS 0x00000000efc00000| PB 0x00000000efc00000| Complete 
| 253|0x00000000efd00000, 0x00000000efe00000, 0x00000000efe00000|100%| E|CS|TAMS 0x00000000efd00000| PB 0x00000000efd00000| Complete 
| 254|0x00000000efe00000, 0x00000000eff00000, 0x00000000eff00000|100%| E|CS|TAMS 0x00000000efe00000| PB 0x00000000efe00000| Complete 
| 255|0x00000000eff00000, 0x00000000f0000000, 0x00000000f0000000|100%| E|CS|TAMS 0x00000000eff00000| PB 0x00000000eff00000| Complete 

Card table byte_map: [0x000001f8f4f90000,0x000001f8f5090000] _byte_map_base: 0x000001f8f4890000

Marking Bits: (CMBitMap*) 0x000001f8f181f060
 Bits: [0x000001f8f5090000, 0x000001f8f5890000)

Polling page: 0x000001f8ef5f0000

Metaspace:

Usage:
  Non-class:     41.77 MB used.
      Class:      6.70 MB used.
       Both:     48.47 MB used.

Virtual space:
  Non-class space:       64.00 MB reserved,      42.50 MB ( 66%) committed,  1 nodes.
      Class space:      320.00 MB reserved,       7.38 MB (  2%) committed,  1 nodes.
             Both:      384.00 MB reserved,      49.88 MB ( 13%) committed. 

Chunk freelists:
   Non-Class:  5.54 MB
       Class:  8.60 MB
        Both:  14.15 MB

MaxMetaspaceSize: 384.00 MB
CompressedClassSpaceSize: 320.00 MB
Initial GC threshold: 21.00 MB
Current GC threshold: 58.69 MB
CDS: off
 - commit_granule_bytes: 65536.
 - commit_granule_words: 8192.
 - virtual_space_node_default_size: 8388608.
 - enlarge_chunks_in_place: 1.
 - use_allocation_guard: 0.


Internal statistics:

num_allocs_failed_limit: 6.
num_arena_births: 2650.
num_arena_deaths: 0.
num_vsnodes_births: 2.
num_vsnodes_deaths: 0.
num_space_committed: 798.
num_space_uncommitted: 0.
num_chunks_returned_to_freelist: 6.
num_chunks_taken_from_freelist: 4561.
num_chunk_merges: 6.
num_chunk_splits: 2985.
num_chunks_enlarged: 1836.
num_inconsistent_stats: 0.

CodeHeap 'non-profiled nmethods': size=120000Kb used=2217Kb max_used=2217Kb free=117782Kb
 bounds [0x000001f887ad0000, 0x000001f887d40000, 0x000001f88f000000]
CodeHeap 'profiled nmethods': size=120000Kb used=7504Kb max_used=7504Kb free=112495Kb
 bounds [0x000001f880000000, 0x000001f880760000, 0x000001f887530000]
CodeHeap 'non-nmethods': size=5760Kb used=2117Kb max_used=2138Kb free=3643Kb
 bounds [0x000001f887530000, 0x000001f8877a0000, 0x000001f887ad0000]
CodeCache: size=245760Kb, used=11838Kb, max_used=11859Kb, free=233920Kb
 total_blobs=4537, nmethods=3837, adapters=603, full_count=0
Compilation: enabled, stopped_count=0, restarted_count=0

Compilation events (20 events):
Event: 6.901 Thread 0x000001f8f8787900 nmethod 4174 0x000001f88074f910 code [0x000001f88074fae0, 0x000001f88074fcf8]
Event: 6.901 Thread 0x000001f8f8787900 4175       3       java.lang.PublicMethods$MethodList::getMostSpecific (63 bytes)
Event: 6.901 Thread 0x000001f8f8787900 nmethod 4175 0x000001f88074fe10 code [0x000001f88074ffe0, 0x000001f8807502b8]
Event: 6.901 Thread 0x000001f8f8787900 4171       3       jdk.internal.org.objectweb.asm.SymbolTable::hash (7 bytes)
Event: 6.901 Thread 0x000001f8f8787900 nmethod 4171 0x000001f880750410 code [0x000001f8807505a0, 0x000001f880750698]
Event: 6.901 Thread 0x000001f8f8787900 4180       3       org.gradle.internal.instantiation.generator.AsmBackedClassGenerator::access$200 (5 bytes)
Event: 6.902 Thread 0x000001f8f8787900 nmethod 4180 0x000001f880750710 code [0x000001f880750940, 0x000001f880750fa0]
Event: 6.902 Thread 0x000001f8f8787900 4181       3       org.gradle.internal.instantiation.generator.AsmBackedClassGenerator::propFieldName (8 bytes)
Event: 6.902 Thread 0x000001f8f8787900 nmethod 4181 0x000001f880751290 code [0x000001f8807514c0, 0x000001f880751aa8]
Event: 6.902 Thread 0x000001f8f8787900 4182       3       org.gradle.internal.instantiation.generator.AsmBackedClassGenerator::propFieldName (27 bytes)
Event: 6.902 Thread 0x000001f8f8787900 nmethod 4182 0x000001f880751d90 code [0x000001f880751fc0, 0x000001f880752518]
Event: 6.902 Thread 0x000001f8f8787900 4183       1       sun.reflect.generics.scope.AbstractScope::getRecvr (5 bytes)
Event: 6.902 Thread 0x000001f8f8787900 nmethod 4183 0x000001f887cf8810 code [0x000001f887cf89a0, 0x000001f887cf8a68]
Event: 6.902 Thread 0x000001f8f8787900 4184       3       sun.reflect.generics.parser.SignatureParser::parseTypeArguments (109 bytes)
Event: 6.903 Thread 0x000001f8f8787900 nmethod 4184 0x000001f880752790 code [0x000001f880752a60, 0x000001f880753788]
Event: 6.903 Thread 0x000001f8f87886a0 nmethod 4150 0x000001f887cf8b10 code [0x000001f887cf8d00, 0x000001f887cf9390]
Event: 6.903 Thread 0x000001f8f87886a0 4159       4       java.net.URLClassLoader$1::run (5 bytes)
Event: 6.906 Thread 0x000001f8f8787900 4190       3       jdk.internal.loader.URLClassPath$JarLoader$2::getInputStream (15 bytes)
Event: 6.906 Thread 0x000001f8f8787900 nmethod 4190 0x000001f880753c10 code [0x000001f880753dc0, 0x000001f880753fa0]
Event: 6.910 Thread 0x000001f8f8787900 4193       3       java.lang.invoke.DirectMethodHandle::getFunction (53 bytes)

GC Heap History (8 events):
Event: 1.967 GC heap before
{Heap before GC invocations=0 (full 0):
 garbage-first heap   total 262144K, used 26624K [0x00000000e0000000, 0x0000000100000000)
  region size 1024K, 23 young (23552K), 0 survivors (0K)
 Metaspace       used 10867K, committed 11072K, reserved 393216K
  class space    used 1138K, committed 1216K, reserved 327680K
}
Event: 1.970 GC heap after
{Heap after GC invocations=1 (full 0):
 garbage-first heap   total 262144K, used 10721K [0x00000000e0000000, 0x0000000100000000)
  region size 1024K, 3 young (3072K), 3 survivors (3072K)
 Metaspace       used 10867K, committed 11072K, reserved 393216K
  class space    used 1138K, committed 1216K, reserved 327680K
}
Event: 2.383 GC heap before
{Heap before GC invocations=1 (full 0):
 garbage-first heap   total 262144K, used 40417K [0x00000000e0000000, 0x0000000100000000)
  region size 1024K, 30 young (30720K), 3 survivors (3072K)
 Metaspace       used 12601K, committed 12800K, reserved 393216K
  class space    used 1387K, committed 1472K, reserved 327680K
}
Event: 2.386 GC heap after
{Heap after GC invocations=2 (full 0):
 garbage-first heap   total 262144K, used 15553K [0x00000000e0000000, 0x0000000100000000)
  region size 1024K, 4 young (4096K), 4 survivors (4096K)
 Metaspace       used 12601K, committed 12800K, reserved 393216K
  class space    used 1387K, committed 1472K, reserved 327680K
}
Event: 4.102 GC heap before
{Heap before GC invocations=2 (full 0):
 garbage-first heap   total 262144K, used 61633K [0x00000000e0000000, 0x0000000100000000)
  region size 1024K, 50 young (51200K), 4 survivors (4096K)
 Metaspace       used 21269K, committed 21504K, reserved 393216K
  class space    used 2499K, committed 2624K, reserved 327680K
}
Event: 4.106 GC heap after
{Heap after GC invocations=3 (full 0):
 garbage-first heap   total 262144K, used 20527K [0x00000000e0000000, 0x0000000100000000)
  region size 1024K, 9 young (9216K), 9 survivors (9216K)
 Metaspace       used 21269K, committed 21504K, reserved 393216K
  class space    used 2499K, committed 2624K, reserved 327680K
}
Event: 5.012 GC heap before
{Heap before GC invocations=4 (full 0):
 garbage-first heap   total 262144K, used 105519K [0x00000000e0000000, 0x0000000100000000)
  region size 1024K, 92 young (94208K), 9 survivors (9216K)
 Metaspace       used 35188K, committed 35968K, reserved 393216K
  class space    used 4605K, committed 4928K, reserved 327680K
}
Event: 5.018 GC heap after
{Heap after GC invocations=5 (full 0):
 garbage-first heap   total 262144K, used 26107K [0x00000000e0000000, 0x0000000100000000)
  region size 1024K, 11 young (11264K), 11 survivors (11264K)
 Metaspace       used 35188K, committed 35968K, reserved 393216K
  class space    used 4605K, committed 4928K, reserved 327680K
}

Dll operation events (3 events):
Event: 0.012 Loaded shared library D:\Android\Sdk1\jbr\bin\java.dll
Event: 0.019 Loaded shared library D:\Android\Sdk1\jbr\bin\zip.dll
Event: 1.796 Loaded shared library D:\Android\Sdk1\jbr\bin\verify.dll

Deoptimization events (20 events):
Event: 6.887 Thread 0x000001f8ff145310 Uncommon trap: trap_request=0xffffff45 fr.pc=0x000001f887afabfc relative=0x000000000000023c
Event: 6.887 Thread 0x000001f8ff145310 Uncommon trap: reason=unstable_if action=reinterpret pc=0x000001f887afabfc method=java.lang.StringLatin1.hashCode([B)I @ 2 c2
Event: 6.887 Thread 0x000001f8ff145310 DEOPT PACKING pc=0x000001f887afabfc sp=0x00000001023f7ac0
Event: 6.887 Thread 0x000001f8ff145310 DEOPT UNPACKING pc=0x000001f887587da2 sp=0x00000001023f7a58 mode 2
Event: 6.887 Thread 0x000001f8ff145310 Uncommon trap: trap_request=0xffffff45 fr.pc=0x000001f887c95134 relative=0x00000000000010b4
Event: 6.887 Thread 0x000001f8ff145310 Uncommon trap: reason=unstable_if action=reinterpret pc=0x000001f887c95134 method=java.lang.String.hashCode()I @ 42 c2
Event: 6.887 Thread 0x000001f8ff145310 DEOPT PACKING pc=0x000001f887c95134 sp=0x00000001023f7af0
Event: 6.887 Thread 0x000001f8ff145310 DEOPT UNPACKING pc=0x000001f887587da2 sp=0x00000001023f7a00 mode 2
Event: 6.887 Thread 0x000001f8ff145310 Uncommon trap: trap_request=0xffffff45 fr.pc=0x000001f887b75de8 relative=0x00000000000005a8
Event: 6.887 Thread 0x000001f8ff145310 Uncommon trap: reason=unstable_if action=reinterpret pc=0x000001f887b75de8 method=java.lang.invoke.InvokerBytecodeGenerator.storeInsnOpcode(Ljava/lang/invoke/LambdaForm$BasicType;)I @ 8 c2
Event: 6.887 Thread 0x000001f8ff145310 DEOPT PACKING pc=0x000001f887b75de8 sp=0x00000001023f7080
Event: 6.887 Thread 0x000001f8ff145310 DEOPT UNPACKING pc=0x000001f887587da2 sp=0x00000001023f6fc8 mode 2
Event: 6.887 Thread 0x000001f8ff145310 Uncommon trap: trap_request=0xffffff3d fr.pc=0x000001f887b13530 relative=0x0000000000000250
Event: 6.887 Thread 0x000001f8ff145310 Uncommon trap: reason=unstable_fused_if action=reinterpret pc=0x000001f887b13530 method=org.objectweb.asm.ByteVector.putUTF8(Ljava/lang/String;)Lorg/objectweb/asm/ByteVector; @ 93 c2
Event: 6.887 Thread 0x000001f8ff145310 DEOPT PACKING pc=0x000001f887b13530 sp=0x00000001023f7a00
Event: 6.887 Thread 0x000001f8ff145310 DEOPT UNPACKING pc=0x000001f887587da2 sp=0x00000001023f79a0 mode 2
Event: 6.888 Thread 0x000001f8ff145310 Uncommon trap: trap_request=0xffffff45 fr.pc=0x000001f887ad9dd8 relative=0x00000000000000b8
Event: 6.888 Thread 0x000001f8ff145310 Uncommon trap: reason=unstable_if action=reinterpret pc=0x000001f887ad9dd8 method=java.lang.String.hashCode()I @ 42 c2
Event: 6.888 Thread 0x000001f8ff145310 DEOPT PACKING pc=0x000001f887ad9dd8 sp=0x00000001023f79f0
Event: 6.888 Thread 0x000001f8ff145310 DEOPT UNPACKING pc=0x000001f887587da2 sp=0x00000001023f7980 mode 2

Classes loaded (20 events):
Event: 6.800 Loading class java/nio/charset/CharacterCodingException
Event: 6.800 Loading class java/nio/charset/CharacterCodingException done
Event: 6.831 Loading class java/nio/file/FileTreeWalker
Event: 6.831 Loading class java/nio/file/FileTreeWalker done
Event: 6.832 Loading class java/nio/file/FileTreeWalker$DirectoryNode
Event: 6.832 Loading class java/nio/file/FileTreeWalker$DirectoryNode done
Event: 6.832 Loading class java/nio/file/FileTreeWalker$Event
Event: 6.832 Loading class java/nio/file/FileTreeWalker$Event done
Event: 6.832 Loading class java/nio/file/FileTreeWalker$EventType
Event: 6.832 Loading class java/nio/file/FileTreeWalker$EventType done
Event: 6.832 Loading class java/nio/file/Files$3
Event: 6.833 Loading class java/nio/file/Files$3 done
Event: 6.833 Loading class java/nio/file/FileVisitResult
Event: 6.833 Loading class java/nio/file/FileVisitResult done
Event: 6.847 Loading class java/util/stream/Streams$RangeIntSpliterator
Event: 6.847 Loading class java/util/stream/Streams$RangeIntSpliterator done
Event: 6.857 Loading class jdk/internal/loader/URLClassPath$FileLoader
Event: 6.857 Loading class jdk/internal/loader/URLClassPath$FileLoader done
Event: 6.858 Loading class jdk/internal/loader/URLClassPath$FileLoader$1
Event: 6.858 Loading class jdk/internal/loader/URLClassPath$FileLoader$1 done

Classes unloaded (0 events):
No events

Classes redefined (0 events):
No events

Internal exceptions (20 events):
Event: 6.713 Thread 0x000001f8ff145310 Exception <a 'java/lang/NoSuchMethodError'{0x00000000eafc2080}: 'java.lang.Object java.lang.invoke.Invokers$Holder.invoker(java.lang.Object, java.lang.Object, java.lang.Object, java.lang.Object, java.lang.Object, java.lang.Object, java.lang.Object, java.lang.Object, java.lang.Object, java.lang.Object, java.lang.Object, java.lang.Object, java.lang.Object, java.lang.Object, java.lang.Object, java.lang.Object, java.lang.Object, java.lang.Object, java.lang.Object, java.lang.Object, java.lang.Object, java.lang.
Event: 6.713 Thread 0x000001f8ff145310 Exception <a 'java/lang/NoSuchMethodError'{0x00000000eafc8998}: 'java.lang.Object java.lang.invoke.DelegatingMethodHandle$Holder.delegate(java.lang.Object, java.lang.Object, java.lang.Object, java.lang.Object, java.lang.Object, java.lang.Object, java.lang.Object, java.lang.Object, java.lang.Object, java.lang.Object, java.lang.Object, java.lang.Object, java.lang.Object, java.lang.Object, java.lang.Object, java.lang.Object, java.lang.Object, java.lang.Object, java.lang.Object, java.lang.Object, java.lang.Obj
Event: 6.728 Thread 0x000001f8ff145310 Exception <a 'java/lang/NoSuchMethodError'{0x00000000eac06d50}: 'java.lang.Object java.lang.invoke.DirectMethodHandle$Holder.newInvokeSpecial(java.lang.Object, java.lang.Object, java.lang.Object, java.lang.Object, java.lang.Object, java.lang.Object, int)'> (0x00000000eac06d50) 
thrown [s\src\hotspot\share\interpreter\linkResolver.cpp, line 784]
Event: 6.728 Thread 0x000001f8ff145310 Exception <a 'java/lang/NoSuchMethodError'{0x00000000eac0bd18}: 'java.lang.Object java.lang.invoke.DirectMethodHandle$Holder.invokeSpecial(java.lang.Object, java.lang.Object, java.lang.Object, java.lang.Object, java.lang.Object, java.lang.Object, java.lang.Object, int)'> (0x00000000eac0bd18) 
thrown [s\src\hotspot\share\interpreter\linkResolver.cpp, line 784]
Event: 6.778 Thread 0x000001f8ff145310 Exception <a 'java/lang/IncompatibleClassChangeError'{0x00000000e9575778}: Found class java.lang.Object, but interface was expected> (0x00000000e9575778) 
thrown [s\src\hotspot\share\interpreter\linkResolver.cpp, line 851]
Event: 6.786 Thread 0x000001f8ff145310 Exception <a 'java/lang/NoSuchMethodError'{0x00000000e9429588}: 'java.lang.Object java.lang.invoke.DirectMethodHandle$Holder.newInvokeSpecial(java.lang.Object, java.lang.Object, long)'> (0x00000000e9429588) 
thrown [s\src\hotspot\share\interpreter\linkResolver.cpp, line 784]
Event: 6.786 Thread 0x000001f8ff145310 Exception <a 'java/lang/NoSuchMethodError'{0x00000000e942dbb0}: 'java.lang.Object java.lang.invoke.Invokers$Holder.linkToTargetMethod(java.lang.Object, long, java.lang.Object)'> (0x00000000e942dbb0) 
thrown [s\src\hotspot\share\interpreter\linkResolver.cpp, line 784]
Event: 6.795 Thread 0x000001f8ff274870 Implicit null exception at 0x000001f887cbff4f to 0x000001f887cc02c8
Event: 6.804 Thread 0x000001f8ff145310 Exception <a 'java/lang/NoSuchMethodError'{0x00000000e93b8328}: 'int java.lang.invoke.DirectMethodHandle$Holder.invokeSpecial(java.lang.Object, java.lang.Object, java.lang.Object, java.lang.Object)'> (0x00000000e93b8328) 
thrown [s\src\hotspot\share\interpreter\linkResolver.cpp, line 784]
Event: 6.805 Thread 0x000001f8ff145310 Exception <a 'java/lang/NoSuchMethodError'{0x00000000e93d9200}: 'int java.lang.invoke.DirectMethodHandle$Holder.invokeInterface(java.lang.Object, java.lang.Object)'> (0x00000000e93d9200) 
thrown [s\src\hotspot\share\interpreter\linkResolver.cpp, line 784]
Event: 6.823 Thread 0x000001f8ff145310 Exception <a 'java/lang/NoSuchMethodError'{0x00000000e9115cc0}: 'java.lang.Object java.lang.invoke.DirectMethodHandle$Holder.newInvokeSpecial(java.lang.Object, java.lang.Object, int, java.lang.Object, java.lang.Object, java.lang.Object, java.lang.Object)'> (0x00000000e9115cc0) 
thrown [s\src\hotspot\share\interpreter\linkResolver.cpp, line 784]
Event: 6.823 Thread 0x000001f8ff145310 Exception <a 'java/lang/NoSuchMethodError'{0x00000000e911e530}: 'java.lang.Object java.lang.invoke.Invokers$Holder.linkToTargetMethod(java.lang.Object, int, java.lang.Object, java.lang.Object, java.lang.Object, java.lang.Object, java.lang.Object)'> (0x00000000e911e530) 
thrown [s\src\hotspot\share\interpreter\linkResolver.cpp, line 784]
Event: 6.846 Thread 0x000001f8ff145310 Exception <a 'java/lang/NoSuchMethodError'{0x00000000e90742a0}: 'java.lang.Object java.lang.invoke.DirectMethodHandle$Holder.invokeVirtual(java.lang.Object, java.lang.Object, int)'> (0x00000000e90742a0) 
thrown [s\src\hotspot\share\interpreter\linkResolver.cpp, line 784]
Event: 6.848 Thread 0x000001f8ff145310 Exception <a 'java/lang/NoSuchMethodError'{0x00000000e8f02b58}: 'void java.lang.invoke.DirectMethodHandle$Holder.invokeStatic(java.lang.Object, java.lang.Object, java.lang.Object, int)'> (0x00000000e8f02b58) 
thrown [s\src\hotspot\share\interpreter\linkResolver.cpp, line 784]
Event: 6.856 Thread 0x000001f8ff145310 Exception <a 'java/lang/NoSuchMethodError'{0x00000000e8fe05c8}: 'void java.lang.invoke.DirectMethodHandle$Holder.invokeInterface(java.lang.Object, java.lang.Object, java.lang.Object, java.lang.Object, java.lang.Object, java.lang.Object, java.lang.Object)'> (0x00000000e8fe05c8) 
thrown [s\src\hotspot\share\interpreter\linkResolver.cpp, line 784]
Event: 6.856 Thread 0x000001f8ff145310 Exception <a 'java/lang/NoSuchMethodError'{0x00000000e8fe5190}: 'void java.lang.invoke.DelegatingMethodHandle$Holder.reinvoke_L(java.lang.Object, java.lang.Object, java.lang.Object, java.lang.Object, java.lang.Object, java.lang.Object, java.lang.Object)'> (0x00000000e8fe5190) 
thrown [s\src\hotspot\share\interpreter\linkResolver.cpp, line 784]
Event: 6.873 Thread 0x000001f8ff145310 Exception <a 'java/lang/NoSuchMethodError'{0x00000000e8dc7c20}: 'java.lang.Object java.lang.invoke.DirectMethodHandle$Holder.newInvokeSpecial(java.lang.Object, java.lang.Object, java.lang.Object, java.lang.Object, java.lang.Object, java.lang.Object, java.lang.Object, java.lang.Object, java.lang.Object, java.lang.Object, java.lang.Object, java.lang.Object, java.lang.Object)'> (0x00000000e8dc7c20) 
thrown [s\src\hotspot\share\interpreter\linkResolver.cpp, line 784]
Event: 6.905 Thread 0x000001f8ff145310 Exception <a 'java/lang/NoSuchMethodError'{0x00000000e8983440}: 'java.lang.Object java.lang.invoke.DirectMethodHandle$Holder.newInvokeSpecial(java.lang.Object, java.lang.Object, java.lang.Object, java.lang.Object, int)'> (0x00000000e8983440) 
thrown [s\src\hotspot\share\interpreter\linkResolver.cpp, line 784]
Event: 6.905 Thread 0x000001f8ff145310 Exception <a 'java/lang/NoSuchMethodError'{0x00000000e8988330}: 'java.lang.Object java.lang.invoke.DirectMethodHandle$Holder.invokeSpecial(java.lang.Object, java.lang.Object, java.lang.Object, java.lang.Object, java.lang.Object, int)'> (0x00000000e8988330) 
thrown [s\src\hotspot\share\interpreter\linkResolver.cpp, line 784]
Event: 6.905 Thread 0x000001f8ff145310 Exception <a 'java/lang/NoSuchMethodError'{0x00000000e898c8b0}: 'java.lang.Object java.lang.invoke.Invokers$Holder.linkToTargetMethod(java.lang.Object, java.lang.Object, java.lang.Object, int, java.lang.Object)'> (0x00000000e898c8b0) 
thrown [s\src\hotspot\share\interpreter\linkResolver.cpp, line 784]

ZGC Phase Switch (0 events):
No events

VM Operations (20 events):
Event: 6.338 Executing VM operation: HandshakeAllThreads (Deoptimize) done
Event: 6.591 Executing VM operation: HandshakeAllThreads (Deoptimize)
Event: 6.591 Executing VM operation: HandshakeAllThreads (Deoptimize) done
Event: 6.592 Executing VM operation: ICBufferFull
Event: 6.592 Executing VM operation: ICBufferFull done
Event: 6.698 Executing VM operation: HandshakeAllThreads (Deoptimize)
Event: 6.698 Executing VM operation: HandshakeAllThreads (Deoptimize) done
Event: 6.779 Executing VM operation: HandshakeAllThreads (Deoptimize)
Event: 6.780 Executing VM operation: HandshakeAllThreads (Deoptimize) done
Event: 6.788 Executing VM operation: ICBufferFull
Event: 6.788 Executing VM operation: ICBufferFull done
Event: 6.794 Executing VM operation: HandshakeAllThreads (Deoptimize)
Event: 6.794 Executing VM operation: HandshakeAllThreads (Deoptimize) done
Event: 6.859 Executing VM operation: HandshakeAllThreads (Deoptimize)
Event: 6.859 Executing VM operation: HandshakeAllThreads (Deoptimize) done
Event: 6.859 Executing VM operation: HandshakeAllThreads (Deoptimize)
Event: 6.859 Executing VM operation: HandshakeAllThreads (Deoptimize) done
Event: 6.899 Executing VM operation: HandshakeAllThreads (Deoptimize)
Event: 6.899 Executing VM operation: HandshakeAllThreads (Deoptimize) done
Event: 7.906 Executing VM operation: Cleanup

Memory protections (0 events):
No events

Nmethod flushes (20 events):
Event: 5.024 Thread 0x000001f8f853ce30 flushing  nmethod 0x000001f8800c0a10
Event: 5.024 Thread 0x000001f8f853ce30 flushing  nmethod 0x000001f8800c1c10
Event: 5.024 Thread 0x000001f8f853ce30 flushing  nmethod 0x000001f8800c3090
Event: 5.024 Thread 0x000001f8f853ce30 flushing  nmethod 0x000001f8800c5910
Event: 5.024 Thread 0x000001f8f853ce30 flushing  nmethod 0x000001f8800c8810
Event: 5.024 Thread 0x000001f8f853ce30 flushing  nmethod 0x000001f8800c8b90
Event: 5.024 Thread 0x000001f8f853ce30 flushing  nmethod 0x000001f8800c9010
Event: 5.024 Thread 0x000001f8f853ce30 flushing  nmethod 0x000001f880138710
Event: 5.024 Thread 0x000001f8f853ce30 flushing  nmethod 0x000001f880138e10
Event: 5.024 Thread 0x000001f8f853ce30 flushing  nmethod 0x000001f880139690
Event: 5.024 Thread 0x000001f8f853ce30 flushing  nmethod 0x000001f880139d90
Event: 5.024 Thread 0x000001f8f853ce30 flushing  nmethod 0x000001f88013e390
Event: 5.024 Thread 0x000001f8f853ce30 flushing  nmethod 0x000001f88013f390
Event: 5.024 Thread 0x000001f8f853ce30 flushing  nmethod 0x000001f8801ac790
Event: 5.024 Thread 0x000001f8f853ce30 flushing  nmethod 0x000001f8801aca90
Event: 5.024 Thread 0x000001f8f853ce30 flushing  nmethod 0x000001f880264a10
Event: 5.024 Thread 0x000001f8f853ce30 flushing  nmethod 0x000001f8802dc690
Event: 5.024 Thread 0x000001f8f853ce30 flushing  nmethod 0x000001f880459e90
Event: 5.024 Thread 0x000001f8f853ce30 flushing  nmethod 0x000001f88045a390
Event: 5.024 Thread 0x000001f8f853ce30 flushing  nmethod 0x000001f88045d290

Events (20 events):
Event: 4.093 Thread 0x000001f8ff145310 Thread added: 0x000001f8ff2734c0
Event: 4.096 Thread 0x000001f8ff145310 Thread added: 0x000001f8ff272e30
Event: 4.099 Thread 0x000001f8ff145310 Thread added: 0x000001f8ff273b50
Event: 4.353 Thread 0x000001f8ff145310 Thread added: 0x000001f8ff2741e0
Event: 4.373 Thread 0x000001f8ff145310 Thread added: 0x000001f8ff272110
Event: 4.405 Thread 0x000001f8f8787900 Thread added: 0x000001f8f8787fd0
Event: 4.407 Thread 0x000001f8ff145310 Thread added: 0x000001f8ff274870
Event: 4.816 Thread 0x000001f8f8787900 Thread added: 0x000001f8f87886a0
Event: 5.021 Thread 0x000001f8ff145310 Thread added: 0x000001f8a590f8a0
Event: 5.032 Thread 0x000001f8ff145310 Thread added: 0x000001f8a590de60
Event: 6.160 Thread 0x000001f8ff145310 Thread added: 0x000001f8a590f210
Event: 6.160 Thread 0x000001f8f87886a0 Thread exited: 0x000001f8f87886a0
Event: 6.160 Thread 0x000001f8f8787fd0 Thread exited: 0x000001f8f8787fd0
Event: 6.165 Thread 0x000001f8ff145310 Thread added: 0x000001f8a590ff30
Event: 6.239 Thread 0x000001f8ff145310 Thread added: 0x000001f8a590e4f0
Event: 6.285 Thread 0x000001f8ff145310 Thread added: 0x000001f8a590cab0
Event: 6.287 Thread 0x000001f8f8787900 Thread added: 0x000001f8f87886a0
Event: 6.435 Thread 0x000001f8ff145310 Thread added: 0x000001f8a590d7d0
Event: 6.472 Thread 0x000001f8ff145310 Thread added: 0x000001f8a59105c0
Event: 6.899 Thread 0x000001f8f87886a0 Thread added: 0x000001f8f8786b60


Dynamic libraries:
0x00007ff66d030000 - 0x00007ff66d03a000 	D:\Android\Sdk1\jbr\bin\java.exe
0x00007ffb3e880000 - 0x00007ffb3eae6000 	C:\WINDOWS\SYSTEM32\ntdll.dll
0x00007ffb3ca90000 - 0x00007ffb3cb59000 	C:\WINDOWS\System32\KERNEL32.DLL
0x00007ffb3be70000 - 0x00007ffb3c26a000 	C:\WINDOWS\System32\KERNELBASE.dll
0x00007ffb3bd20000 - 0x00007ffb3be6c000 	C:\WINDOWS\System32\ucrtbase.dll
0x00007ffae1e40000 - 0x00007ffae1e58000 	D:\Android\Sdk1\jbr\bin\jli.dll
0x00007ffae2960000 - 0x00007ffae297b000 	D:\Android\Sdk1\jbr\bin\VCRUNTIME140.dll
0x00007ffb3db30000 - 0x00007ffb3dcf7000 	C:\WINDOWS\System32\USER32.dll
0x00007ffb3c450000 - 0x00007ffb3c477000 	C:\WINDOWS\System32\win32u.dll
0x00007ffb2a0d0000 - 0x00007ffb2a362000 	C:\WINDOWS\WinSxS\amd64_microsoft.windows.common-controls_6595b64144ccf1df_6.0.26100.8521_none_3e08b75ce33403b3\COMCTL32.dll
0x00007ffb3c8e0000 - 0x00007ffb3c90b000 	C:\WINDOWS\System32\GDI32.dll
0x00007ffb3d700000 - 0x00007ffb3d7a9000 	C:\WINDOWS\System32\msvcrt.dll
0x00007ffb3c270000 - 0x00007ffb3c39b000 	C:\WINDOWS\System32\gdi32full.dll
0x00007ffb3c540000 - 0x00007ffb3c5e3000 	C:\WINDOWS\System32\msvcp_win.dll
0x00007ffb3c5f0000 - 0x00007ffb3c622000 	C:\WINDOWS\System32\IMM32.DLL
0x00007ffaf38e0000 - 0x00007ffaf38ec000 	D:\Android\Sdk1\jbr\bin\vcruntime140_1.dll
0x00007ffabf310000 - 0x00007ffabf39d000 	D:\Android\Sdk1\jbr\bin\msvcp140.dll
0x00007ffa23130000 - 0x00007ffa23dc6000 	D:\Android\Sdk1\jbr\bin\server\jvm.dll
0x00007ffb3d580000 - 0x00007ffb3d636000 	C:\WINDOWS\System32\ADVAPI32.dll
0x00007ffb3dd00000 - 0x00007ffb3ddaa000 	C:\WINDOWS\System32\sechost.dll
0x00007ffb3d000000 - 0x00007ffb3d118000 	C:\WINDOWS\System32\RPCRT4.dll
0x00007ffb3e7b0000 - 0x00007ffb3e830000 	C:\WINDOWS\System32\WS2_32.dll
0x00007ffb3a720000 - 0x00007ffb3a77e000 	C:\WINDOWS\SYSTEM32\POWRPROF.dll
0x00007ffb31490000 - 0x00007ffb3149b000 	C:\WINDOWS\SYSTEM32\VERSION.dll
0x00007ffb2dbd0000 - 0x00007ffb2dc06000 	C:\WINDOWS\SYSTEM32\WINMM.dll
0x00007ffb3a700000 - 0x00007ffb3a714000 	C:\WINDOWS\SYSTEM32\UMPDC.dll
0x00007ffb3a9c0000 - 0x00007ffb3a9db000 	C:\WINDOWS\SYSTEM32\kernel.appcore.dll
0x00007ffaf2c20000 - 0x00007ffaf2c2a000 	D:\Android\Sdk1\jbr\bin\jimage.dll
0x00007ffb39150000 - 0x00007ffb39392000 	C:\WINDOWS\SYSTEM32\DBGHELP.DLL
0x00007ffb3d1f0000 - 0x00007ffb3d573000 	C:\WINDOWS\System32\combase.dll
0x00007ffb3c7a0000 - 0x00007ffb3c879000 	C:\WINDOWS\System32\OLEAUT32.dll
0x00007ffb260f0000 - 0x00007ffb2612b000 	C:\WINDOWS\SYSTEM32\dbgcore.DLL
0x00007ffb3c3a0000 - 0x00007ffb3c448000 	C:\WINDOWS\System32\bcryptPrimitives.dll
0x00007ffaf28b0000 - 0x00007ffaf28be000 	D:\Android\Sdk1\jbr\bin\instrument.dll
0x00007ffae9140000 - 0x00007ffae9160000 	D:\Android\Sdk1\jbr\bin\java.dll
0x00007ffae83d0000 - 0x00007ffae83e8000 	D:\Android\Sdk1\jbr\bin\zip.dll
0x00007ffb3e020000 - 0x00007ffb3e7a4000 	C:\WINDOWS\System32\SHELL32.dll
0x00007ffb39710000 - 0x00007ffb39f90000 	C:\WINDOWS\SYSTEM32\windows.storage.dll
0x00007ffb3c630000 - 0x00007ffb3c726000 	C:\WINDOWS\System32\SHCORE.dll
0x00007ffb3d180000 - 0x00007ffb3d1e7000 	C:\WINDOWS\System32\shlwapi.dll
0x00007ffb3ba30000 - 0x00007ffb3ba59000 	C:\WINDOWS\SYSTEM32\profapi.dll
0x00007ffaf2190000 - 0x00007ffaf21a0000 	D:\Android\Sdk1\jbr\bin\net.dll
0x00007ffb326a0000 - 0x00007ffb327c9000 	C:\WINDOWS\SYSTEM32\WINHTTP.dll
0x00007ffb3af30000 - 0x00007ffb3af9c000 	C:\WINDOWS\system32\mswsock.dll
0x00007ffacda40000 - 0x00007ffacda56000 	D:\Android\Sdk1\jbr\bin\nio.dll
0x00007ffaf0b00000 - 0x00007ffaf0b10000 	D:\Android\Sdk1\jbr\bin\verify.dll
0x00007ffaef470000 - 0x00007ffaef497000 	C:\Users\ASUS\.gradle\native\660c5614fbf4a5f2a75b1949f50a0caf5cd603558e7d8a26e50b933a0cfb79d1\windows-amd64\native-platform.dll
0x00007ffac0b10000 - 0x00007ffac0b87000 	C:\Users\ASUS\.gradle\native\0.2.8\x86_64-windows-gnu\gradle-fileevents.dll
0x00007ffaef3d0000 - 0x00007ffaef3d9000 	D:\Android\Sdk1\jbr\bin\management.dll
0x00007ffaef1f0000 - 0x00007ffaef1fb000 	D:\Android\Sdk1\jbr\bin\management_ext.dll
0x00007ffb3d170000 - 0x00007ffb3d178000 	C:\WINDOWS\System32\PSAPI.DLL
0x00007ffb3a330000 - 0x00007ffb3a363000 	C:\WINDOWS\SYSTEM32\IPHLPAPI.DLL
0x00007ffb3c790000 - 0x00007ffb3c79a000 	C:\WINDOWS\System32\NSI.dll
0x00007ffaef0b0000 - 0x00007ffaef0b9000 	D:\Android\Sdk1\jbr\bin\extnet.dll
0x00007ffb3b210000 - 0x00007ffb3b22b000 	C:\WINDOWS\SYSTEM32\CRYPTSP.dll
0x00007ffb3a920000 - 0x00007ffb3a959000 	C:\WINDOWS\system32\rsaenh.dll
0x00007ffb3afe0000 - 0x00007ffb3b013000 	C:\WINDOWS\SYSTEM32\USERENV.dll
0x00007ffb3ba00000 - 0x00007ffb3ba2a000 	C:\WINDOWS\SYSTEM32\bcrypt.dll
0x00007ffb3b230000 - 0x00007ffb3b23c000 	C:\WINDOWS\SYSTEM32\CRYPTBASE.dll
0x00007ffaff620000 - 0x00007ffaff628000 	C:\WINDOWS\system32\wshunix.dll

JVMTI agents:
C:\Users\ASUS\.gradle\wrapper\dists\gradle-9.4.0-all\dlx3hih57kp6ad8tz04zppvl1\gradle-9.4.0\lib\agents\gradle-instrumentation-agent-9.4.0.jar path:D:\Android\Sdk1\jbr\bin\instrument.dll, loaded, initialized, instrumentlib options:none

dbghelp: loaded successfully - version: 4.0.5 - missing functions: none
symbol engine: initialized successfully - sym options: 0x614 - pdb path: .;D:\Android\Sdk1\jbr\bin;C:\WINDOWS\SYSTEM32;C:\WINDOWS\WinSxS\amd64_microsoft.windows.common-controls_6595b64144ccf1df_6.0.26100.8521_none_3e08b75ce33403b3;D:\Android\Sdk1\jbr\bin\server;C:\Users\ASUS\.gradle\native\660c5614fbf4a5f2a75b1949f50a0caf5cd603558e7d8a26e50b933a0cfb79d1\windows-amd64;C:\Users\ASUS\.gradle\native\0.2.8\x86_64-windows-gnu

VM Arguments:
jvm_args: --add-opens=java.base/java.lang=ALL-UNNAMED --add-opens=java.base/java.lang.invoke=ALL-UNNAMED --add-opens=java.base/java.util=ALL-UNNAMED --add-opens=java.prefs/java.util.prefs=ALL-UNNAMED --add-exports=jdk.compiler/com.sun.tools.javac.api=ALL-UNNAMED --add-exports=jdk.compiler/com.sun.tools.javac.util=ALL-UNNAMED --add-opens=java.base/java.util=ALL-UNNAMED --add-opens=java.prefs/java.util.prefs=ALL-UNNAMED --add-opens=java.base/java.nio.charset=ALL-UNNAMED --add-opens=java.base/java.net=ALL-UNNAMED --add-opens=java.base/java.util.concurrent=ALL-UNNAMED --add-opens=java.base/java.util.concurrent.atomic=ALL-UNNAMED --add-opens=java.xml/javax.xml.namespace=ALL-UNNAMED --add-opens=java.base/java.time=ALL-UNNAMED -XX:MaxMetaspaceSize=384m -XX:+HeapDumpOnOutOfMemoryError -Xms256m -Xmx512m -Dfile.encoding=UTF-8 -Duser.country=ID -Duser.language=en -Duser.variant -javaagent:C:\Users\ASUS\.gradle\wrapper\dists\gradle-9.4.0-all\dlx3hih57kp6ad8tz04zppvl1\gradle-9.4.0\lib\agents\gradle-instrumentation-agent-9.4.0.jar 
java_command: org.gradle.launcher.daemon.bootstrap.GradleDaemon 9.4.0
java_class_path (initial): C:\Users\ASUS\.gradle\wrapper\dists\gradle-9.4.0-all\dlx3hih57kp6ad8tz04zppvl1\gradle-9.4.0\lib\gradle-daemon-main-9.4.0.jar
Launcher Type: SUN_STANDARD

[Global flags]
     intx CICompilerCount                          = 4                                         {product} {ergonomic}
   size_t CompressedClassSpaceSize                 = 335544320                                 {product} {ergonomic}
     uint ConcGCThreads                            = 3                                         {product} {ergonomic}
     uint G1ConcRefinementThreads                  = 10                                        {product} {ergonomic}
   size_t G1HeapRegionSize                         = 1048576                                   {product} {ergonomic}
    uintx GCDrainStackTargetSize                   = 64                                        {product} {ergonomic}
     bool HeapDumpOnOutOfMemoryError               = true                                   {manageable} {command line}
   size_t InitialHeapSize                          = 268435456                                 {product} {command line}
   size_t MarkStackSize                            = 4194304                                   {product} {ergonomic}
   size_t MaxHeapSize                              = 536870912                                 {product} {command line}
   size_t MaxMetaspaceSize                         = 402653184                                 {product} {command line}
   size_t MaxNewSize                               = 321912832                                 {product} {ergonomic}
   size_t MinHeapDeltaBytes                        = 1048576                                   {product} {ergonomic}
   size_t MinHeapSize                              = 268435456                                 {product} {command line}
    uintx NonNMethodCodeHeapSize                   = 5839372                                {pd product} {ergonomic}
    uintx NonProfiledCodeHeapSize                  = 122909434                              {pd product} {ergonomic}
    uintx ProfiledCodeHeapSize                     = 122909434                              {pd product} {ergonomic}
    uintx ReservedCodeCacheSize                    = 251658240                              {pd product} {ergonomic}
     bool SegmentedCodeCache                       = true                                      {product} {ergonomic}
   size_t SoftMaxHeapSize                          = 536870912                              {manageable} {ergonomic}
     bool UseCompressedOops                        = true                           {product lp64_product} {ergonomic}
     bool UseG1GC                                  = true                                      {product} {ergonomic}
     bool UseLargePagesIndividualAllocation        = false                                  {pd product} {ergonomic}

Logging:
Log output configuration:
 #0: stdout all=warning uptime,level,tags foldmultilines=false
 #1: stderr all=off uptime,level,tags foldmultilines=false

Environment Variables:
JAVA_HOME=D:\Android\Sdk1\jbr
CLASSPATH=D:\mobileprogramming2\papua_youth_career_app\android\\gradle\wrapper\gradle-wrapper.jar
PATH=D:\Android\Sdk1\jbr\bin;C:\Windows\System32\WindowsPowerShell\v1.0;C:\ProgramData\ComposerSetup\bin;C:\ProgramData\chocolatey\bin;C:\Program Files\nodejs;C:\Program Files\Git\cmd;D:\Program Files\Java\jdk1.8.0_31\bin;C:\Windows\System32;D:\Android\Sdk\cmdline-tools\latest\bin;D:\Android\Sdk;D:\Android\Sdk\cmdline-tools\latest\bin;D:\Android\Sdk\platform-tools;C:\Program Files\dotnet\;C:\Program Files\Go\bin;C:\xampp\php;C:\Program Files\Redis\;C:\Users\ASUS\AppData\Local\Programs\Python\Python315\Scripts\;C:\Users\ASUS\AppData\Local\Programs\Python\Python315\;C:\Users\ASUS\AppData\Local\Programs\Python\Python314\Scripts\;C:\Users\ASUS\AppData\Local\Programs\Python\Python314\;C:\Users\ASUS\AppData\Roaming\Composer\vendor\bin;C:\Users\ASUS\AppData\Local\Programs\Microsoft VS Code\bin;D:\Program Files\Eclipse Adoptium\jdk-17.0.16.8-hotspot\bin;D:\dev\flutter\bin;C:\Users\ASUS\AppData\Roaming\npm;C:\Users\ASUS\AppData\Local\Pub\Cache\bin;C:\Users\ASUS\AppData\Local\Android\sdk\cmdline-tools\latest\bin;C:\Users\ASUS\AppData\Local\Android\sdk\platform-tools;D:\Android\Sdk1\jbr\bin;C:\Users\ASUS\AppData\Local\Python\bin;C:\Users\ASUS\go\bin;C:\Users\ASUS\AppData\Local\Programs\Antigravity\bin;C:\Users\ASUS\.dotnet\tools;C:\Users\ASUS\AppData\Local\Programs\Antigravity IDE\bin;D:\dev\flutter\bin\mingit\cmd
USERNAME=JESUS MY SAVIOR
LANG=en_US.UTF-8
OS=Windows_NT
PROCESSOR_IDENTIFIER=Intel64 Family 6 Model 141 Stepping 1, GenuineIntel
TMP=C:\Users\ASUS\AppData\Local\Temp
TEMP=C:\Users\ASUS\AppData\Local\Temp




Periodic native trim disabled

JNI global refs:
JNI global refs: 24, weak refs: 0

JNI global refs memory usage: 835, weak refs: 833

Process memory usage:
Resident Set Size: 303588K (3% of 8103220K total physical memory with 846460K free physical memory)

OOME stack traces (most recent first):
Classloader memory used:
Loader org.gradle.internal.classloader.VisitableURLClassLoader                         : 24393K
Loader bootstrap                                                                       : 20198K
Loader org.gradle.initialization.MixInLegacyTypesClassLoader                           : 4714K
Loader jdk.internal.loader.ClassLoaders$AppClassLoader                                 : 189K
Loader jdk.internal.loader.ClassLoaders$PlatformClassLoader                            : 130K
Loader org.gradle.internal.classloader.VisitableURLClassLoader                         : 3632B

Classes loaded by more than one classloader:
Class org.gradle.internal.classloader.FilteringClassLoader                            : loaded 2 times (x 105B)
Class org.gradle.internal.classloader.ClassLoaderHierarchy                            : loaded 2 times (x 70B)
Class org.gradle.internal.classloader.DefaultClassLoaderFactory                       : loaded 2 times (x 82B)
Class org.gradle.api.internal.DefaultClassPathProvider                                : loaded 2 times (x 76B)
Class [Lorg.gradle.api.internal.ClassPathProvider;                                    : loaded 2 times (x 69B)
Class org.gradle.api.internal.ClassPathProvider                                       : loaded 2 times (x 70B)
Class org.gradle.internal.service.UnknownServiceException                             : loaded 2 times (x 83B)
Class org.gradle.internal.classpath.TransformedClassPath                              : loaded 2 times (x 96B)
Class org.gradle.internal.classloader.InstrumentingClassLoader                        : loaded 2 times (x 70B)
Class org.gradle.internal.service.ServiceLocator                                      : loaded 2 times (x 70B)
Class org.gradle.api.internal.classpath.DefaultModuleRegistry$DefaultModule           : loaded 2 times (x 82B)
Class org.gradle.api.internal.classpath.Module                                        : loaded 2 times (x 70B)
Class org.gradle.api.internal.classpath.UnknownModuleException                        : loaded 2 times (x 82B)
Class org.gradle.api.internal.DefaultClassPathRegistry                                : loaded 2 times (x 76B)
Class org.gradle.internal.classpath.DefaultClassPath$ImmutableUniqueList              : loaded 2 times (x 199B)
Class org.gradle.api.internal.ClassPathRegistry                                       : loaded 2 times (x 70B)
Class org.gradle.internal.classpath.ClassPath                                         : loaded 2 times (x 70B)
Class org.gradle.api.internal.classpath.DefaultModuleRegistry$DefaultModuleAlias      : loaded 2 times (x 80B)
Class org.gradle.api.internal.classpath.ModuleRegistry                                : loaded 2 times (x 70B)
Class org.gradle.internal.installation.GradleInstallation$1                           : loaded 2 times (x 75B)
Class org.gradle.api.internal.classpath.DefaultModuleRegistry                         : loaded 2 times (x 84B)
Class org.gradle.internal.service.ServiceLookupException                              : loaded 2 times (x 82B)
Class org.gradle.internal.classloader.ClassLoaderFactory                              : loaded 2 times (x 70B)
Class org.gradle.internal.service.CachingServiceLocator                               : loaded 2 times (x 82B)
Class org.gradle.internal.classloader.ClasspathUtil                                   : loaded 2 times (x 71B)
Class org.gradle.api.specs.Spec                                                       : loaded 2 times (x 70B)
Class org.gradle.internal.classloader.VisitableURLClassLoader$InstrumentingVisitableURLClassLoader: loaded 2 times (x 123B)
Class org.gradle.internal.classloader.VisitableURLClassLoader$Spec                    : loaded 2 times (x 74B)
Class org.gradle.internal.classpath.DefaultClassPath                                  : loaded 2 times (x 90B)
Class org.gradle.internal.classloader.ClassLoaderSpec                                 : loaded 2 times (x 71B)
Class org.gradle.api.internal.classpath.Module$ModuleAlias                            : loaded 2 times (x 70B)
Class org.gradle.internal.classloader.VisitableURLClassLoader                         : loaded 2 times (x 117B)
Class org.gradle.internal.Cast                                                        : loaded 2 times (x 71B)
Class org.gradle.api.Action                                                           : loaded 2 times (x 70B)
Class org.gradle.internal.classpath.DefaultClassPath$ImmutableUniqueList$Builder      : loaded 2 times (x 75B)
Class org.gradle.api.GradleException                                                  : loaded 2 times (x 82B)
Class org.gradle.internal.IoActions                                                   : loaded 2 times (x 71B)
Class org.gradle.internal.installation.CurrentGradleInstallationLocator               : loaded 2 times (x 71B)
Class org.gradle.internal.service.DefaultServiceLocator                               : loaded 2 times (x 83B)
Class org.gradle.internal.installation.CurrentGradleInstallation                      : loaded 2 times (x 73B)
Class org.gradle.util.internal.GUtil                                                  : loaded 2 times (x 71B)
Class org.gradle.internal.installation.GradleInstallation                             : loaded 2 times (x 75B)

---------------  S Y S T E M  ---------------

OS:
 Windows 11 , 64 bit Build 26100 (10.0.26100.8521)
OS uptime: 6 days 1:31 hours

CPU: total 12 (initial active 12) (6 cores per cpu, 2 threads per core) family 6 model 141 stepping 1 microcode 0x50, cx8, cmov, fxsr, ht, mmx, 3dnowpref, sse, sse2, sse3, ssse3, sse4.1, sse4.2, popcnt, lzcnt, tsc, tscinvbit, avx, avx2, aes, erms, clmul, bmi1, bmi2, adx, avx512f, avx512dq, avx512cd, avx512bw, avx512vl, sha, fma, vzeroupper, avx512_vpopcntdq, avx512_vpclmulqdq, avx512_vaes, avx512_vnni, clflush, clflushopt, clwb, avx512_vbmi2, avx512_vbmi, rdtscp, rdpid, fsrm, gfni, avx512_bitalg, f16c, pku, cet_ibt, cet_ss, avx512_ifma
Processor Information for the first 12 processors :
  Max Mhz: 2688, Current Mhz: 2688, Mhz Limit: 2688

Memory: 4k page, system-wide physical 7913M (813M free)
TotalPageFile size 32489M (AvailPageFile size 20M)
current process WorkingSet (physical memory assigned to process): 296M, peak: 296M
current process commit charge ("private bytes"): 461M, peak: 464M

vm_info: OpenJDK 64-Bit Server VM (21.0.8+-14196175-b1038.72) for windows-amd64 JRE (21.0.8+-14196175-b1038.72), built on 2025-10-01T10:24:33Z by "builder" with MS VC++ 16.10 / 16.11 (VS2019)

END.
